INFO - 2024-02-29 13:07:31 --> Session: Class initialized using 'CodeIgniter\Session\Handlers\FileHandler' driver.
CRITICAL - 2024-02-29 13:07:31 --> ErrorException: Undefined index: user_id
in APPPATH/Controllers/Login.php on line 57.
 1 APPPATH/Controllers/Login.php(57): CodeIgniter\Debug\Exceptions->errorHandler()
 2 SYSTEMPATH/CodeIgniter.php(941): App\Controllers\Login->login()
 3 SYSTEMPATH/CodeIgniter.php(502): CodeIgniter\CodeIgniter->runController()
 4 SYSTEMPATH/CodeIgniter.php(361): CodeIgniter\CodeIgniter->handleRequest()
 5 FCPATH/index.php(83): CodeIgniter\CodeIgniter->run()
INFO - 2024-02-29 13:08:24 --> Session: Class initialized using 'CodeIgniter\Session\Handlers\FileHandler' driver.
CRITICAL - 2024-02-29 13:08:24 --> ErrorException: Undefined index: user_id
in APPPATH/Controllers/Login.php on line 57.
 1 APPPATH/Controllers/Login.php(57): CodeIgniter\Debug\Exceptions->errorHandler()
 2 SYSTEMPATH/CodeIgniter.php(941): App\Controllers\Login->login()
 3 SYSTEMPATH/CodeIgniter.php(502): CodeIgniter\CodeIgniter->runController()
 4 SYSTEMPATH/CodeIgniter.php(361): CodeIgniter\CodeIgniter->handleRequest()
 5 FCPATH/index.php(83): CodeIgniter\CodeIgniter->run()
ERROR - 2024-02-29 13:10:35 --> mysqli_sql_exception: Unknown column 'created_at' in 'field list' in /var/www/html/UsersCrud/CodeIgnaiter/system/Database/MySQLi/Connection.php:306
Stack trace:
#0 /var/www/html/UsersCrud/CodeIgnaiter/system/Database/MySQLi/Connection.php(306): mysqli->query()
#1 /var/www/html/UsersCrud/CodeIgnaiter/system/Database/BaseConnection.php(693): CodeIgniter\Database\MySQLi\Connection->execute()
#2 /var/www/html/UsersCrud/CodeIgnaiter/system/Database/BaseConnection.php(607): CodeIgniter\Database\BaseConnection->simpleQuery()
#3 /var/www/html/UsersCrud/CodeIgnaiter/system/Database/BaseBuilder.php(2307): CodeIgniter\Database\BaseConnection->query()
#4 /var/www/html/UsersCrud/CodeIgnaiter/system/Model.php(326): CodeIgniter\Database\BaseBuilder->insert()
#5 /var/www/html/UsersCrud/CodeIgnaiter/system/BaseModel.php(802): CodeIgniter\Model->doInsert()
#6 /var/www/html/UsersCrud/CodeIgnaiter/system/Model.php(744): CodeIgniter\BaseModel->insert()
#7 /var/www/html/UsersCrud/CodeIgnaiter/app/Services/UserService.php(45): CodeIgniter\Model->insert()
#8 /var/www/html/UsersCrud/CodeIgnaiter/app/Controllers/Login.php(53): App\Services\UserService->LoginAgregar()
#9 /var/www/html/UsersCrud/CodeIgnaiter/system/CodeIgniter.php(941): App\Controllers\Login->login()
#10 /var/www/html/UsersCrud/CodeIgnaiter/system/CodeIgniter.php(502): CodeIgniter\CodeIgniter->runController()
#11 /var/www/html/UsersCrud/CodeIgnaiter/system/CodeIgniter.php(361): CodeIgniter\CodeIgniter->handleRequest()
#12 /var/www/html/UsersCrud/CodeIgnaiter/public/index.php(83): CodeIgniter\CodeIgniter->run()
#13 {main}
CRITICAL - 2024-02-29 13:10:35 --> CodeIgniter\Database\Exceptions\DatabaseException: Unknown column 'created_at' in 'field list'
in SYSTEMPATH/Database/BaseConnection.php on line 647.
 1 SYSTEMPATH/Database/BaseBuilder.php(2307): CodeIgniter\Database\BaseConnection->query()
 2 SYSTEMPATH/Model.php(326): CodeIgniter\Database\BaseBuilder->insert()
 3 SYSTEMPATH/BaseModel.php(802): CodeIgniter\Model->doInsert()
 4 SYSTEMPATH/Model.php(744): CodeIgniter\BaseModel->insert()
 5 APPPATH/Services/UserService.php(45): CodeIgniter\Model->insert()
 6 APPPATH/Controllers/Login.php(53): App\Services\UserService->LoginAgregar()
 7 SYSTEMPATH/CodeIgniter.php(941): App\Controllers\Login->login()
 8 SYSTEMPATH/CodeIgniter.php(502): CodeIgniter\CodeIgniter->runController()
 9 SYSTEMPATH/CodeIgniter.php(361): CodeIgniter\CodeIgniter->handleRequest()
10 FCPATH/index.php(83): CodeIgniter\CodeIgniter->run()
CRITICAL - 2024-02-29 13:10:35 --> [Caused by] CodeIgniter\Database\Exceptions\DatabaseException: Unknown column 'created_at' in 'field list'
in SYSTEMPATH/Database/MySQLi/Connection.php on line 311.
 1 SYSTEMPATH/Database/BaseConnection.php(693): CodeIgniter\Database\MySQLi\Connection->execute()
 2 SYSTEMPATH/Database/BaseConnection.php(607): CodeIgniter\Database\BaseConnection->simpleQuery()
 3 SYSTEMPATH/Database/BaseBuilder.php(2307): CodeIgniter\Database\BaseConnection->query()
 4 SYSTEMPATH/Model.php(326): CodeIgniter\Database\BaseBuilder->insert()
 5 SYSTEMPATH/BaseModel.php(802): CodeIgniter\Model->doInsert()
 6 SYSTEMPATH/Model.php(744): CodeIgniter\BaseModel->insert()
 7 APPPATH/Services/UserService.php(45): CodeIgniter\Model->insert()
 8 APPPATH/Controllers/Login.php(53): App\Services\UserService->LoginAgregar()
 9 SYSTEMPATH/CodeIgniter.php(941): App\Controllers\Login->login()
10 SYSTEMPATH/CodeIgniter.php(502): CodeIgniter\CodeIgniter->runController()
11 SYSTEMPATH/CodeIgniter.php(361): CodeIgniter\CodeIgniter->handleRequest()
12 FCPATH/index.php(83): CodeIgniter\CodeIgniter->run()
CRITICAL - 2024-02-29 13:10:35 --> [Caused by] mysqli_sql_exception: Unknown column 'created_at' in 'field list'
in SYSTEMPATH/Database/MySQLi/Connection.php on line 306.
 1 SYSTEMPATH/Database/MySQLi/Connection.php(306): mysqli->query()
 2 SYSTEMPATH/Database/BaseConnection.php(693): CodeIgniter\Database\MySQLi\Connection->execute()
 3 SYSTEMPATH/Database/BaseConnection.php(607): CodeIgniter\Database\BaseConnection->simpleQuery()
 4 SYSTEMPATH/Database/BaseBuilder.php(2307): CodeIgniter\Database\BaseConnection->query()
 5 SYSTEMPATH/Model.php(326): CodeIgniter\Database\BaseBuilder->insert()
 6 SYSTEMPATH/BaseModel.php(802): CodeIgniter\Model->doInsert()
 7 SYSTEMPATH/Model.php(744): CodeIgniter\BaseModel->insert()
 8 APPPATH/Services/UserService.php(45): CodeIgniter\Model->insert()
 9 APPPATH/Controllers/Login.php(53): App\Services\UserService->LoginAgregar()
10 SYSTEMPATH/CodeIgniter.php(941): App\Controllers\Login->login()
11 SYSTEMPATH/CodeIgniter.php(502): CodeIgniter\CodeIgniter->runController()
12 SYSTEMPATH/CodeIgniter.php(361): CodeIgniter\CodeIgniter->handleRequest()
13 FCPATH/index.php(83): CodeIgniter\CodeIgniter->run()
ERROR - 2024-02-29 13:15:35 --> mysqli_sql_exception: Unknown column 'created_at' in 'field list' in /var/www/html/UsersCrud/CodeIgnaiter/system/Database/MySQLi/Connection.php:306
Stack trace:
#0 /var/www/html/UsersCrud/CodeIgnaiter/system/Database/MySQLi/Connection.php(306): mysqli->query()
#1 /var/www/html/UsersCrud/CodeIgnaiter/system/Database/BaseConnection.php(693): CodeIgniter\Database\MySQLi\Connection->execute()
#2 /var/www/html/UsersCrud/CodeIgnaiter/system/Database/BaseConnection.php(607): CodeIgniter\Database\BaseConnection->simpleQuery()
#3 /var/www/html/UsersCrud/CodeIgnaiter/system/Database/BaseBuilder.php(2307): CodeIgniter\Database\BaseConnection->query()
#4 /var/www/html/UsersCrud/CodeIgnaiter/system/Model.php(326): CodeIgniter\Database\BaseBuilder->insert()
#5 /var/www/html/UsersCrud/CodeIgnaiter/system/BaseModel.php(802): CodeIgniter\Model->doInsert()
#6 /var/www/html/UsersCrud/CodeIgnaiter/system/Model.php(744): CodeIgniter\BaseModel->insert()
#7 /var/www/html/UsersCrud/CodeIgnaiter/app/Services/UserService.php(45): CodeIgniter\Model->insert()
#8 /var/www/html/UsersCrud/CodeIgnaiter/app/Controllers/Login.php(53): App\Services\UserService->LoginAgregar()
#9 /var/www/html/UsersCrud/CodeIgnaiter/system/CodeIgniter.php(941): App\Controllers\Login->login()
#10 /var/www/html/UsersCrud/CodeIgnaiter/system/CodeIgniter.php(502): CodeIgniter\CodeIgniter->runController()
#11 /var/www/html/UsersCrud/CodeIgnaiter/system/CodeIgniter.php(361): CodeIgniter\CodeIgniter->handleRequest()
#12 /var/www/html/UsersCrud/CodeIgnaiter/public/index.php(83): CodeIgniter\CodeIgniter->run()
#13 {main}
CRITICAL - 2024-02-29 13:15:35 --> CodeIgniter\Database\Exceptions\DatabaseException: Unknown column 'created_at' in 'field list'
in SYSTEMPATH/Database/BaseConnection.php on line 647.
 1 SYSTEMPATH/Database/BaseBuilder.php(2307): CodeIgniter\Database\BaseConnection->query()
 2 SYSTEMPATH/Model.php(326): CodeIgniter\Database\BaseBuilder->insert()
 3 SYSTEMPATH/BaseModel.php(802): CodeIgniter\Model->doInsert()
 4 SYSTEMPATH/Model.php(744): CodeIgniter\BaseModel->insert()
 5 APPPATH/Services/UserService.php(45): CodeIgniter\Model->insert()
 6 APPPATH/Controllers/Login.php(53): App\Services\UserService->LoginAgregar()
 7 SYSTEMPATH/CodeIgniter.php(941): App\Controllers\Login->login()
 8 SYSTEMPATH/CodeIgniter.php(502): CodeIgniter\CodeIgniter->runController()
 9 SYSTEMPATH/CodeIgniter.php(361): CodeIgniter\CodeIgniter->handleRequest()
10 FCPATH/index.php(83): CodeIgniter\CodeIgniter->run()
CRITICAL - 2024-02-29 13:15:35 --> [Caused by] CodeIgniter\Database\Exceptions\DatabaseException: Unknown column 'created_at' in 'field list'
in SYSTEMPATH/Database/MySQLi/Connection.php on line 311.
 1 SYSTEMPATH/Database/BaseConnection.php(693): CodeIgniter\Database\MySQLi\Connection->execute()
 2 SYSTEMPATH/Database/BaseConnection.php(607): CodeIgniter\Database\BaseConnection->simpleQuery()
 3 SYSTEMPATH/Database/BaseBuilder.php(2307): CodeIgniter\Database\BaseConnection->query()
 4 SYSTEMPATH/Model.php(326): CodeIgniter\Database\BaseBuilder->insert()
 5 SYSTEMPATH/BaseModel.php(802): CodeIgniter\Model->doInsert()
 6 SYSTEMPATH/Model.php(744): CodeIgniter\BaseModel->insert()
 7 APPPATH/Services/UserService.php(45): CodeIgniter\Model->insert()
 8 APPPATH/Controllers/Login.php(53): App\Services\UserService->LoginAgregar()
 9 SYSTEMPATH/CodeIgniter.php(941): App\Controllers\Login->login()
10 SYSTEMPATH/CodeIgniter.php(502): CodeIgniter\CodeIgniter->runController()
11 SYSTEMPATH/CodeIgniter.php(361): CodeIgniter\CodeIgniter->handleRequest()
12 FCPATH/index.php(83): CodeIgniter\CodeIgniter->run()
CRITICAL - 2024-02-29 13:15:35 --> [Caused by] mysqli_sql_exception: Unknown column 'created_at' in 'field list'
in SYSTEMPATH/Database/MySQLi/Connection.php on line 306.
 1 SYSTEMPATH/Database/MySQLi/Connection.php(306): mysqli->query()
 2 SYSTEMPATH/Database/BaseConnection.php(693): CodeIgniter\Database\MySQLi\Connection->execute()
 3 SYSTEMPATH/Database/BaseConnection.php(607): CodeIgniter\Database\BaseConnection->simpleQuery()
 4 SYSTEMPATH/Database/BaseBuilder.php(2307): CodeIgniter\Database\BaseConnection->query()
 5 SYSTEMPATH/Model.php(326): CodeIgniter\Database\BaseBuilder->insert()
 6 SYSTEMPATH/BaseModel.php(802): CodeIgniter\Model->doInsert()
 7 SYSTEMPATH/Model.php(744): CodeIgniter\BaseModel->insert()
 8 APPPATH/Services/UserService.php(45): CodeIgniter\Model->insert()
 9 APPPATH/Controllers/Login.php(53): App\Services\UserService->LoginAgregar()
10 SYSTEMPATH/CodeIgniter.php(941): App\Controllers\Login->login()
11 SYSTEMPATH/CodeIgniter.php(502): CodeIgniter\CodeIgniter->runController()
12 SYSTEMPATH/CodeIgniter.php(361): CodeIgniter\CodeIgniter->handleRequest()
13 FCPATH/index.php(83): CodeIgniter\CodeIgniter->run()
ERROR - 2024-02-29 13:21:06 --> mysqli_sql_exception: Unknown column 'created_at' in 'field list' in /var/www/html/UsersCrud/CodeIgnaiter/system/Database/MySQLi/Connection.php:306
Stack trace:
#0 /var/www/html/UsersCrud/CodeIgnaiter/system/Database/MySQLi/Connection.php(306): mysqli->query()
#1 /var/www/html/UsersCrud/CodeIgnaiter/system/Database/BaseConnection.php(693): CodeIgniter\Database\MySQLi\Connection->execute()
#2 /var/www/html/UsersCrud/CodeIgnaiter/system/Database/BaseConnection.php(607): CodeIgniter\Database\BaseConnection->simpleQuery()
#3 /var/www/html/UsersCrud/CodeIgnaiter/system/Database/BaseBuilder.php(2307): CodeIgniter\Database\BaseConnection->query()
#4 /var/www/html/UsersCrud/CodeIgnaiter/system/Model.php(326): CodeIgniter\Database\BaseBuilder->insert()
#5 /var/www/html/UsersCrud/CodeIgnaiter/system/BaseModel.php(802): CodeIgniter\Model->doInsert()
#6 /var/www/html/UsersCrud/CodeIgnaiter/system/Model.php(744): CodeIgniter\BaseModel->insert()
#7 /var/www/html/UsersCrud/CodeIgnaiter/app/Services/UserService.php(45): CodeIgniter\Model->insert()
#8 /var/www/html/UsersCrud/CodeIgnaiter/app/Controllers/Login.php(53): App\Services\UserService->LoginAgregar()
#9 /var/www/html/UsersCrud/CodeIgnaiter/system/CodeIgniter.php(941): App\Controllers\Login->login()
#10 /var/www/html/UsersCrud/CodeIgnaiter/system/CodeIgniter.php(502): CodeIgniter\CodeIgniter->runController()
#11 /var/www/html/UsersCrud/CodeIgnaiter/system/CodeIgniter.php(361): CodeIgniter\CodeIgniter->handleRequest()
#12 /var/www/html/UsersCrud/CodeIgnaiter/public/index.php(83): CodeIgniter\CodeIgniter->run()
#13 {main}
CRITICAL - 2024-02-29 13:21:06 --> CodeIgniter\Database\Exceptions\DatabaseException: Unknown column 'created_at' in 'field list'
in SYSTEMPATH/Database/BaseConnection.php on line 647.
 1 SYSTEMPATH/Database/BaseBuilder.php(2307): CodeIgniter\Database\BaseConnection->query()
 2 SYSTEMPATH/Model.php(326): CodeIgniter\Database\BaseBuilder->insert()
 3 SYSTEMPATH/BaseModel.php(802): CodeIgniter\Model->doInsert()
 4 SYSTEMPATH/Model.php(744): CodeIgniter\BaseModel->insert()
 5 APPPATH/Services/UserService.php(45): CodeIgniter\Model->insert()
 6 APPPATH/Controllers/Login.php(53): App\Services\UserService->LoginAgregar()
 7 SYSTEMPATH/CodeIgniter.php(941): App\Controllers\Login->login()
 8 SYSTEMPATH/CodeIgniter.php(502): CodeIgniter\CodeIgniter->runController()
 9 SYSTEMPATH/CodeIgniter.php(361): CodeIgniter\CodeIgniter->handleRequest()
10 FCPATH/index.php(83): CodeIgniter\CodeIgniter->run()
CRITICAL - 2024-02-29 13:21:06 --> [Caused by] CodeIgniter\Database\Exceptions\DatabaseException: Unknown column 'created_at' in 'field list'
in SYSTEMPATH/Database/MySQLi/Connection.php on line 311.
 1 SYSTEMPATH/Database/BaseConnection.php(693): CodeIgniter\Database\MySQLi\Connection->execute()
 2 SYSTEMPATH/Database/BaseConnection.php(607): CodeIgniter\Database\BaseConnection->simpleQuery()
 3 SYSTEMPATH/Database/BaseBuilder.php(2307): CodeIgniter\Database\BaseConnection->query()
 4 SYSTEMPATH/Model.php(326): CodeIgniter\Database\BaseBuilder->insert()
 5 SYSTEMPATH/BaseModel.php(802): CodeIgniter\Model->doInsert()
 6 SYSTEMPATH/Model.php(744): CodeIgniter\BaseModel->insert()
 7 APPPATH/Services/UserService.php(45): CodeIgniter\Model->insert()
 8 APPPATH/Controllers/Login.php(53): App\Services\UserService->LoginAgregar()
 9 SYSTEMPATH/CodeIgniter.php(941): App\Controllers\Login->login()
10 SYSTEMPATH/CodeIgniter.php(502): CodeIgniter\CodeIgniter->runController()
11 SYSTEMPATH/CodeIgniter.php(361): CodeIgniter\CodeIgniter->handleRequest()
12 FCPATH/index.php(83): CodeIgniter\CodeIgniter->run()
CRITICAL - 2024-02-29 13:21:06 --> [Caused by] mysqli_sql_exception: Unknown column 'created_at' in 'field list'
in SYSTEMPATH/Database/MySQLi/Connection.php on line 306.
 1 SYSTEMPATH/Database/MySQLi/Connection.php(306): mysqli->query()
 2 SYSTEMPATH/Database/BaseConnection.php(693): CodeIgniter\Database\MySQLi\Connection->execute()
 3 SYSTEMPATH/Database/BaseConnection.php(607): CodeIgniter\Database\BaseConnection->simpleQuery()
 4 SYSTEMPATH/Database/BaseBuilder.php(2307): CodeIgniter\Database\BaseConnection->query()
 5 SYSTEMPATH/Model.php(326): CodeIgniter\Database\BaseBuilder->insert()
 6 SYSTEMPATH/BaseModel.php(802): CodeIgniter\Model->doInsert()
 7 SYSTEMPATH/Model.php(744): CodeIgniter\BaseModel->insert()
 8 APPPATH/Services/UserService.php(45): CodeIgniter\Model->insert()
 9 APPPATH/Controllers/Login.php(53): App\Services\UserService->LoginAgregar()
10 SYSTEMPATH/CodeIgniter.php(941): App\Controllers\Login->login()
11 SYSTEMPATH/CodeIgniter.php(502): CodeIgniter\CodeIgniter->runController()
12 SYSTEMPATH/CodeIgniter.php(361): CodeIgniter\CodeIgniter->handleRequest()
13 FCPATH/index.php(83): CodeIgniter\CodeIgniter->run()
ERROR - 2024-02-29 13:21:11 --> mysqli_sql_exception: Unknown column 'created_at' in 'field list' in /var/www/html/UsersCrud/CodeIgnaiter/system/Database/MySQLi/Connection.php:306
Stack trace:
#0 /var/www/html/UsersCrud/CodeIgnaiter/system/Database/MySQLi/Connection.php(306): mysqli->query()
#1 /var/www/html/UsersCrud/CodeIgnaiter/system/Database/BaseConnection.php(693): CodeIgniter\Database\MySQLi\Connection->execute()
#2 /var/www/html/UsersCrud/CodeIgnaiter/system/Database/BaseConnection.php(607): CodeIgniter\Database\BaseConnection->simpleQuery()
#3 /var/www/html/UsersCrud/CodeIgnaiter/system/Database/BaseBuilder.php(2307): CodeIgniter\Database\BaseConnection->query()
#4 /var/www/html/UsersCrud/CodeIgnaiter/system/Model.php(326): CodeIgniter\Database\BaseBuilder->insert()
#5 /var/www/html/UsersCrud/CodeIgnaiter/system/BaseModel.php(802): CodeIgniter\Model->doInsert()
#6 /var/www/html/UsersCrud/CodeIgnaiter/system/Model.php(744): CodeIgniter\BaseModel->insert()
#7 /var/www/html/UsersCrud/CodeIgnaiter/app/Services/UserService.php(45): CodeIgniter\Model->insert()
#8 /var/www/html/UsersCrud/CodeIgnaiter/app/Controllers/Login.php(53): App\Services\UserService->LoginAgregar()
#9 /var/www/html/UsersCrud/CodeIgnaiter/system/CodeIgniter.php(941): App\Controllers\Login->login()
#10 /var/www/html/UsersCrud/CodeIgnaiter/system/CodeIgniter.php(502): CodeIgniter\CodeIgniter->runController()
#11 /var/www/html/UsersCrud/CodeIgnaiter/system/CodeIgniter.php(361): CodeIgniter\CodeIgniter->handleRequest()
#12 /var/www/html/UsersCrud/CodeIgnaiter/public/index.php(83): CodeIgniter\CodeIgniter->run()
#13 {main}
CRITICAL - 2024-02-29 13:21:11 --> CodeIgniter\Database\Exceptions\DatabaseException: Unknown column 'created_at' in 'field list'
in SYSTEMPATH/Database/BaseConnection.php on line 647.
 1 SYSTEMPATH/Database/BaseBuilder.php(2307): CodeIgniter\Database\BaseConnection->query()
 2 SYSTEMPATH/Model.php(326): CodeIgniter\Database\BaseBuilder->insert()
 3 SYSTEMPATH/BaseModel.php(802): CodeIgniter\Model->doInsert()
 4 SYSTEMPATH/Model.php(744): CodeIgniter\BaseModel->insert()
 5 APPPATH/Services/UserService.php(45): CodeIgniter\Model->insert()
 6 APPPATH/Controllers/Login.php(53): App\Services\UserService->LoginAgregar()
 7 SYSTEMPATH/CodeIgniter.php(941): App\Controllers\Login->login()
 8 SYSTEMPATH/CodeIgniter.php(502): CodeIgniter\CodeIgniter->runController()
 9 SYSTEMPATH/CodeIgniter.php(361): CodeIgniter\CodeIgniter->handleRequest()
10 FCPATH/index.php(83): CodeIgniter\CodeIgniter->run()
CRITICAL - 2024-02-29 13:21:11 --> [Caused by] CodeIgniter\Database\Exceptions\DatabaseException: Unknown column 'created_at' in 'field list'
in SYSTEMPATH/Database/MySQLi/Connection.php on line 311.
 1 SYSTEMPATH/Database/BaseConnection.php(693): CodeIgniter\Database\MySQLi\Connection->execute()
 2 SYSTEMPATH/Database/BaseConnection.php(607): CodeIgniter\Database\BaseConnection->simpleQuery()
 3 SYSTEMPATH/Database/BaseBuilder.php(2307): CodeIgniter\Database\BaseConnection->query()
 4 SYSTEMPATH/Model.php(326): CodeIgniter\Database\BaseBuilder->insert()
 5 SYSTEMPATH/BaseModel.php(802): CodeIgniter\Model->doInsert()
 6 SYSTEMPATH/Model.php(744): CodeIgniter\BaseModel->insert()
 7 APPPATH/Services/UserService.php(45): CodeIgniter\Model->insert()
 8 APPPATH/Controllers/Login.php(53): App\Services\UserService->LoginAgregar()
 9 SYSTEMPATH/CodeIgniter.php(941): App\Controllers\Login->login()
10 SYSTEMPATH/CodeIgniter.php(502): CodeIgniter\CodeIgniter->runController()
11 SYSTEMPATH/CodeIgniter.php(361): CodeIgniter\CodeIgniter->handleRequest()
12 FCPATH/index.php(83): CodeIgniter\CodeIgniter->run()
CRITICAL - 2024-02-29 13:21:11 --> [Caused by] mysqli_sql_exception: Unknown column 'created_at' in 'field list'
in SYSTEMPATH/Database/MySQLi/Connection.php on line 306.
 1 SYSTEMPATH/Database/MySQLi/Connection.php(306): mysqli->query()
 2 SYSTEMPATH/Database/BaseConnection.php(693): CodeIgniter\Database\MySQLi\Connection->execute()
 3 SYSTEMPATH/Database/BaseConnection.php(607): CodeIgniter\Database\BaseConnection->simpleQuery()
 4 SYSTEMPATH/Database/BaseBuilder.php(2307): CodeIgniter\Database\BaseConnection->query()
 5 SYSTEMPATH/Model.php(326): CodeIgniter\Database\BaseBuilder->insert()
 6 SYSTEMPATH/BaseModel.php(802): CodeIgniter\Model->doInsert()
 7 SYSTEMPATH/Model.php(744): CodeIgniter\BaseModel->insert()
 8 APPPATH/Services/UserService.php(45): CodeIgniter\Model->insert()
 9 APPPATH/Controllers/Login.php(53): App\Services\UserService->LoginAgregar()
10 SYSTEMPATH/CodeIgniter.php(941): App\Controllers\Login->login()
11 SYSTEMPATH/CodeIgniter.php(502): CodeIgniter\CodeIgniter->runController()
12 SYSTEMPATH/CodeIgniter.php(361): CodeIgniter\CodeIgniter->handleRequest()
13 FCPATH/index.php(83): CodeIgniter\CodeIgniter->run()
ERROR - 2024-02-29 13:21:55 --> mysqli_sql_exception: Unknown column 'created_at' in 'field list' in /var/www/html/UsersCrud/CodeIgnaiter/system/Database/MySQLi/Connection.php:306
Stack trace:
#0 /var/www/html/UsersCrud/CodeIgnaiter/system/Database/MySQLi/Connection.php(306): mysqli->query()
#1 /var/www/html/UsersCrud/CodeIgnaiter/system/Database/BaseConnection.php(693): CodeIgniter\Database\MySQLi\Connection->execute()
#2 /var/www/html/UsersCrud/CodeIgnaiter/system/Database/BaseConnection.php(607): CodeIgniter\Database\BaseConnection->simpleQuery()
#3 /var/www/html/UsersCrud/CodeIgnaiter/system/Database/BaseBuilder.php(2307): CodeIgniter\Database\BaseConnection->query()
#4 /var/www/html/UsersCrud/CodeIgnaiter/system/Model.php(326): CodeIgniter\Database\BaseBuilder->insert()
#5 /var/www/html/UsersCrud/CodeIgnaiter/system/BaseModel.php(802): CodeIgniter\Model->doInsert()
#6 /var/www/html/UsersCrud/CodeIgnaiter/system/Model.php(744): CodeIgniter\BaseModel->insert()
#7 /var/www/html/UsersCrud/CodeIgnaiter/app/Services/UserService.php(45): CodeIgniter\Model->insert()
#8 /var/www/html/UsersCrud/CodeIgnaiter/app/Controllers/Login.php(40): App\Services\UserService->LoginAgregar()
#9 /var/www/html/UsersCrud/CodeIgnaiter/system/CodeIgniter.php(941): App\Controllers\Login->login()
#10 /var/www/html/UsersCrud/CodeIgnaiter/system/CodeIgniter.php(502): CodeIgniter\CodeIgniter->runController()
#11 /var/www/html/UsersCrud/CodeIgnaiter/system/CodeIgniter.php(361): CodeIgniter\CodeIgniter->handleRequest()
#12 /var/www/html/UsersCrud/CodeIgnaiter/public/index.php(83): CodeIgniter\CodeIgniter->run()
#13 {main}
CRITICAL - 2024-02-29 13:21:55 --> CodeIgniter\Database\Exceptions\DatabaseException: Unknown column 'created_at' in 'field list'
in SYSTEMPATH/Database/BaseConnection.php on line 647.
 1 SYSTEMPATH/Database/BaseBuilder.php(2307): CodeIgniter\Database\BaseConnection->query()
 2 SYSTEMPATH/Model.php(326): CodeIgniter\Database\BaseBuilder->insert()
 3 SYSTEMPATH/BaseModel.php(802): CodeIgniter\Model->doInsert()
 4 SYSTEMPATH/Model.php(744): CodeIgniter\BaseModel->insert()
 5 APPPATH/Services/UserService.php(45): CodeIgniter\Model->insert()
 6 APPPATH/Controllers/Login.php(40): App\Services\UserService->LoginAgregar()
 7 SYSTEMPATH/CodeIgniter.php(941): App\Controllers\Login->login()
 8 SYSTEMPATH/CodeIgniter.php(502): CodeIgniter\CodeIgniter->runController()
 9 SYSTEMPATH/CodeIgniter.php(361): CodeIgniter\CodeIgniter->handleRequest()
10 FCPATH/index.php(83): CodeIgniter\CodeIgniter->run()
CRITICAL - 2024-02-29 13:21:55 --> [Caused by] CodeIgniter\Database\Exceptions\DatabaseException: Unknown column 'created_at' in 'field list'
in SYSTEMPATH/Database/MySQLi/Connection.php on line 311.
 1 SYSTEMPATH/Database/BaseConnection.php(693): CodeIgniter\Database\MySQLi\Connection->execute()
 2 SYSTEMPATH/Database/BaseConnection.php(607): CodeIgniter\Database\BaseConnection->simpleQuery()
 3 SYSTEMPATH/Database/BaseBuilder.php(2307): CodeIgniter\Database\BaseConnection->query()
 4 SYSTEMPATH/Model.php(326): CodeIgniter\Database\BaseBuilder->insert()
 5 SYSTEMPATH/BaseModel.php(802): CodeIgniter\Model->doInsert()
 6 SYSTEMPATH/Model.php(744): CodeIgniter\BaseModel->insert()
 7 APPPATH/Services/UserService.php(45): CodeIgniter\Model->insert()
 8 APPPATH/Controllers/Login.php(40): App\Services\UserService->LoginAgregar()
 9 SYSTEMPATH/CodeIgniter.php(941): App\Controllers\Login->login()
10 SYSTEMPATH/CodeIgniter.php(502): CodeIgniter\CodeIgniter->runController()
11 SYSTEMPATH/CodeIgniter.php(361): CodeIgniter\CodeIgniter->handleRequest()
12 FCPATH/index.php(83): CodeIgniter\CodeIgniter->run()
CRITICAL - 2024-02-29 13:21:55 --> [Caused by] mysqli_sql_exception: Unknown column 'created_at' in 'field list'
in SYSTEMPATH/Database/MySQLi/Connection.php on line 306.
 1 SYSTEMPATH/Database/MySQLi/Connection.php(306): mysqli->query()
 2 SYSTEMPATH/Database/BaseConnection.php(693): CodeIgniter\Database\MySQLi\Connection->execute()
 3 SYSTEMPATH/Database/BaseConnection.php(607): CodeIgniter\Database\BaseConnection->simpleQuery()
 4 SYSTEMPATH/Database/BaseBuilder.php(2307): CodeIgniter\Database\BaseConnection->query()
 5 SYSTEMPATH/Model.php(326): CodeIgniter\Database\BaseBuilder->insert()
 6 SYSTEMPATH/BaseModel.php(802): CodeIgniter\Model->doInsert()
 7 SYSTEMPATH/Model.php(744): CodeIgniter\BaseModel->insert()
 8 APPPATH/Services/UserService.php(45): CodeIgniter\Model->insert()
 9 APPPATH/Controllers/Login.php(40): App\Services\UserService->LoginAgregar()
10 SYSTEMPATH/CodeIgniter.php(941): App\Controllers\Login->login()
11 SYSTEMPATH/CodeIgniter.php(502): CodeIgniter\CodeIgniter->runController()
12 SYSTEMPATH/CodeIgniter.php(361): CodeIgniter\CodeIgniter->handleRequest()
13 FCPATH/index.php(83): CodeIgniter\CodeIgniter->run()
ERROR - 2024-02-29 13:22:11 --> mysqli_sql_exception: Unknown column 'created_at' in 'field list' in /var/www/html/UsersCrud/CodeIgnaiter/system/Database/MySQLi/Connection.php:306
Stack trace:
#0 /var/www/html/UsersCrud/CodeIgnaiter/system/Database/MySQLi/Connection.php(306): mysqli->query()
#1 /var/www/html/UsersCrud/CodeIgnaiter/system/Database/BaseConnection.php(693): CodeIgniter\Database\MySQLi\Connection->execute()
#2 /var/www/html/UsersCrud/CodeIgnaiter/system/Database/BaseConnection.php(607): CodeIgniter\Database\BaseConnection->simpleQuery()
#3 /var/www/html/UsersCrud/CodeIgnaiter/system/Database/BaseBuilder.php(2307): CodeIgniter\Database\BaseConnection->query()
#4 /var/www/html/UsersCrud/CodeIgnaiter/system/Model.php(326): CodeIgniter\Database\BaseBuilder->insert()
#5 /var/www/html/UsersCrud/CodeIgnaiter/system/BaseModel.php(802): CodeIgniter\Model->doInsert()
#6 /var/www/html/UsersCrud/CodeIgnaiter/system/Model.php(744): CodeIgniter\BaseModel->insert()
#7 /var/www/html/UsersCrud/CodeIgnaiter/app/Services/UserService.php(45): CodeIgniter\Model->insert()
#8 /var/www/html/UsersCrud/CodeIgnaiter/app/Controllers/Login.php(40): App\Services\UserService->LoginAgregar()
#9 /var/www/html/UsersCrud/CodeIgnaiter/system/CodeIgniter.php(941): App\Controllers\Login->login()
#10 /var/www/html/UsersCrud/CodeIgnaiter/system/CodeIgniter.php(502): CodeIgniter\CodeIgniter->runController()
#11 /var/www/html/UsersCrud/CodeIgnaiter/system/CodeIgniter.php(361): CodeIgniter\CodeIgniter->handleRequest()
#12 /var/www/html/UsersCrud/CodeIgnaiter/public/index.php(83): CodeIgniter\CodeIgniter->run()
#13 {main}
CRITICAL - 2024-02-29 13:22:11 --> CodeIgniter\Database\Exceptions\DatabaseException: Unknown column 'created_at' in 'field list'
in SYSTEMPATH/Database/BaseConnection.php on line 647.
 1 SYSTEMPATH/Database/BaseBuilder.php(2307): CodeIgniter\Database\BaseConnection->query()
 2 SYSTEMPATH/Model.php(326): CodeIgniter\Database\BaseBuilder->insert()
 3 SYSTEMPATH/BaseModel.php(802): CodeIgniter\Model->doInsert()
 4 SYSTEMPATH/Model.php(744): CodeIgniter\BaseModel->insert()
 5 APPPATH/Services/UserService.php(45): CodeIgniter\Model->insert()
 6 APPPATH/Controllers/Login.php(40): App\Services\UserService->LoginAgregar()
 7 SYSTEMPATH/CodeIgniter.php(941): App\Controllers\Login->login()
 8 SYSTEMPATH/CodeIgniter.php(502): CodeIgniter\CodeIgniter->runController()
 9 SYSTEMPATH/CodeIgniter.php(361): CodeIgniter\CodeIgniter->handleRequest()
10 FCPATH/index.php(83): CodeIgniter\CodeIgniter->run()
CRITICAL - 2024-02-29 13:22:11 --> [Caused by] CodeIgniter\Database\Exceptions\DatabaseException: Unknown column 'created_at' in 'field list'
in SYSTEMPATH/Database/MySQLi/Connection.php on line 311.
 1 SYSTEMPATH/Database/BaseConnection.php(693): CodeIgniter\Database\MySQLi\Connection->execute()
 2 SYSTEMPATH/Database/BaseConnection.php(607): CodeIgniter\Database\BaseConnection->simpleQuery()
 3 SYSTEMPATH/Database/BaseBuilder.php(2307): CodeIgniter\Database\BaseConnection->query()
 4 SYSTEMPATH/Model.php(326): CodeIgniter\Database\BaseBuilder->insert()
 5 SYSTEMPATH/BaseModel.php(802): CodeIgniter\Model->doInsert()
 6 SYSTEMPATH/Model.php(744): CodeIgniter\BaseModel->insert()
 7 APPPATH/Services/UserService.php(45): CodeIgniter\Model->insert()
 8 APPPATH/Controllers/Login.php(40): App\Services\UserService->LoginAgregar()
 9 SYSTEMPATH/CodeIgniter.php(941): App\Controllers\Login->login()
10 SYSTEMPATH/CodeIgniter.php(502): CodeIgniter\CodeIgniter->runController()
11 SYSTEMPATH/CodeIgniter.php(361): CodeIgniter\CodeIgniter->handleRequest()
12 FCPATH/index.php(83): CodeIgniter\CodeIgniter->run()
CRITICAL - 2024-02-29 13:22:11 --> [Caused by] mysqli_sql_exception: Unknown column 'created_at' in 'field list'
in SYSTEMPATH/Database/MySQLi/Connection.php on line 306.
 1 SYSTEMPATH/Database/MySQLi/Connection.php(306): mysqli->query()
 2 SYSTEMPATH/Database/BaseConnection.php(693): CodeIgniter\Database\MySQLi\Connection->execute()
 3 SYSTEMPATH/Database/BaseConnection.php(607): CodeIgniter\Database\BaseConnection->simpleQuery()
 4 SYSTEMPATH/Database/BaseBuilder.php(2307): CodeIgniter\Database\BaseConnection->query()
 5 SYSTEMPATH/Model.php(326): CodeIgniter\Database\BaseBuilder->insert()
 6 SYSTEMPATH/BaseModel.php(802): CodeIgniter\Model->doInsert()
 7 SYSTEMPATH/Model.php(744): CodeIgniter\BaseModel->insert()
 8 APPPATH/Services/UserService.php(45): CodeIgniter\Model->insert()
 9 APPPATH/Controllers/Login.php(40): App\Services\UserService->LoginAgregar()
10 SYSTEMPATH/CodeIgniter.php(941): App\Controllers\Login->login()
11 SYSTEMPATH/CodeIgniter.php(502): CodeIgniter\CodeIgniter->runController()
12 SYSTEMPATH/CodeIgniter.php(361): CodeIgniter\CodeIgniter->handleRequest()
13 FCPATH/index.php(83): CodeIgniter\CodeIgniter->run()
ERROR - 2024-02-29 13:22:24 --> mysqli_sql_exception: Unknown column 'created_at' in 'field list' in /var/www/html/UsersCrud/CodeIgnaiter/system/Database/MySQLi/Connection.php:306
Stack trace:
#0 /var/www/html/UsersCrud/CodeIgnaiter/system/Database/MySQLi/Connection.php(306): mysqli->query()
#1 /var/www/html/UsersCrud/CodeIgnaiter/system/Database/BaseConnection.php(693): CodeIgniter\Database\MySQLi\Connection->execute()
#2 /var/www/html/UsersCrud/CodeIgnaiter/system/Database/BaseConnection.php(607): CodeIgniter\Database\BaseConnection->simpleQuery()
#3 /var/www/html/UsersCrud/CodeIgnaiter/system/Database/BaseBuilder.php(2307): CodeIgniter\Database\BaseConnection->query()
#4 /var/www/html/UsersCrud/CodeIgnaiter/system/Model.php(326): CodeIgniter\Database\BaseBuilder->insert()
#5 /var/www/html/UsersCrud/CodeIgnaiter/system/BaseModel.php(802): CodeIgniter\Model->doInsert()
#6 /var/www/html/UsersCrud/CodeIgnaiter/system/Model.php(744): CodeIgniter\BaseModel->insert()
#7 /var/www/html/UsersCrud/CodeIgnaiter/app/Services/UserService.php(45): CodeIgniter\Model->insert()
#8 /var/www/html/UsersCrud/CodeIgnaiter/app/Controllers/Login.php(40): App\Services\UserService->LoginAgregar()
#9 /var/www/html/UsersCrud/CodeIgnaiter/system/CodeIgniter.php(941): App\Controllers\Login->login()
#10 /var/www/html/UsersCrud/CodeIgnaiter/system/CodeIgniter.php(502): CodeIgniter\CodeIgniter->runController()
#11 /var/www/html/UsersCrud/CodeIgnaiter/system/CodeIgniter.php(361): CodeIgniter\CodeIgniter->handleRequest()
#12 /var/www/html/UsersCrud/CodeIgnaiter/public/index.php(83): CodeIgniter\CodeIgniter->run()
#13 {main}
CRITICAL - 2024-02-29 13:22:24 --> CodeIgniter\Database\Exceptions\DatabaseException: Unknown column 'created_at' in 'field list'
in SYSTEMPATH/Database/BaseConnection.php on line 647.
 1 SYSTEMPATH/Database/BaseBuilder.php(2307): CodeIgniter\Database\BaseConnection->query()
 2 SYSTEMPATH/Model.php(326): CodeIgniter\Database\BaseBuilder->insert()
 3 SYSTEMPATH/BaseModel.php(802): CodeIgniter\Model->doInsert()
 4 SYSTEMPATH/Model.php(744): CodeIgniter\BaseModel->insert()
 5 APPPATH/Services/UserService.php(45): CodeIgniter\Model->insert()
 6 APPPATH/Controllers/Login.php(40): App\Services\UserService->LoginAgregar()
 7 SYSTEMPATH/CodeIgniter.php(941): App\Controllers\Login->login()
 8 SYSTEMPATH/CodeIgniter.php(502): CodeIgniter\CodeIgniter->runController()
 9 SYSTEMPATH/CodeIgniter.php(361): CodeIgniter\CodeIgniter->handleRequest()
10 FCPATH/index.php(83): CodeIgniter\CodeIgniter->run()
CRITICAL - 2024-02-29 13:22:24 --> [Caused by] CodeIgniter\Database\Exceptions\DatabaseException: Unknown column 'created_at' in 'field list'
in SYSTEMPATH/Database/MySQLi/Connection.php on line 311.
 1 SYSTEMPATH/Database/BaseConnection.php(693): CodeIgniter\Database\MySQLi\Connection->execute()
 2 SYSTEMPATH/Database/BaseConnection.php(607): CodeIgniter\Database\BaseConnection->simpleQuery()
 3 SYSTEMPATH/Database/BaseBuilder.php(2307): CodeIgniter\Database\BaseConnection->query()
 4 SYSTEMPATH/Model.php(326): CodeIgniter\Database\BaseBuilder->insert()
 5 SYSTEMPATH/BaseModel.php(802): CodeIgniter\Model->doInsert()
 6 SYSTEMPATH/Model.php(744): CodeIgniter\BaseModel->insert()
 7 APPPATH/Services/UserService.php(45): CodeIgniter\Model->insert()
 8 APPPATH/Controllers/Login.php(40): App\Services\UserService->LoginAgregar()
 9 SYSTEMPATH/CodeIgniter.php(941): App\Controllers\Login->login()
10 SYSTEMPATH/CodeIgniter.php(502): CodeIgniter\CodeIgniter->runController()
11 SYSTEMPATH/CodeIgniter.php(361): CodeIgniter\CodeIgniter->handleRequest()
12 FCPATH/index.php(83): CodeIgniter\CodeIgniter->run()
CRITICAL - 2024-02-29 13:22:24 --> [Caused by] mysqli_sql_exception: Unknown column 'created_at' in 'field list'
in SYSTEMPATH/Database/MySQLi/Connection.php on line 306.
 1 SYSTEMPATH/Database/MySQLi/Connection.php(306): mysqli->query()
 2 SYSTEMPATH/Database/BaseConnection.php(693): CodeIgniter\Database\MySQLi\Connection->execute()
 3 SYSTEMPATH/Database/BaseConnection.php(607): CodeIgniter\Database\BaseConnection->simpleQuery()
 4 SYSTEMPATH/Database/BaseBuilder.php(2307): CodeIgniter\Database\BaseConnection->query()
 5 SYSTEMPATH/Model.php(326): CodeIgniter\Database\BaseBuilder->insert()
 6 SYSTEMPATH/BaseModel.php(802): CodeIgniter\Model->doInsert()
 7 SYSTEMPATH/Model.php(744): CodeIgniter\BaseModel->insert()
 8 APPPATH/Services/UserService.php(45): CodeIgniter\Model->insert()
 9 APPPATH/Controllers/Login.php(40): App\Services\UserService->LoginAgregar()
10 SYSTEMPATH/CodeIgniter.php(941): App\Controllers\Login->login()
11 SYSTEMPATH/CodeIgniter.php(502): CodeIgniter\CodeIgniter->runController()
12 SYSTEMPATH/CodeIgniter.php(361): CodeIgniter\CodeIgniter->handleRequest()
13 FCPATH/index.php(83): CodeIgniter\CodeIgniter->run()
ERROR - 2024-02-29 13:23:25 --> mysqli_sql_exception: Unknown column 'created_at' in 'field list' in /var/www/html/UsersCrud/CodeIgnaiter/system/Database/MySQLi/Connection.php:306
Stack trace:
#0 /var/www/html/UsersCrud/CodeIgnaiter/system/Database/MySQLi/Connection.php(306): mysqli->query()
#1 /var/www/html/UsersCrud/CodeIgnaiter/system/Database/BaseConnection.php(693): CodeIgniter\Database\MySQLi\Connection->execute()
#2 /var/www/html/UsersCrud/CodeIgnaiter/system/Database/BaseConnection.php(607): CodeIgniter\Database\BaseConnection->simpleQuery()
#3 /var/www/html/UsersCrud/CodeIgnaiter/system/Database/BaseBuilder.php(2307): CodeIgniter\Database\BaseConnection->query()
#4 /var/www/html/UsersCrud/CodeIgnaiter/system/Model.php(326): CodeIgniter\Database\BaseBuilder->insert()
#5 /var/www/html/UsersCrud/CodeIgnaiter/system/BaseModel.php(802): CodeIgniter\Model->doInsert()
#6 /var/www/html/UsersCrud/CodeIgnaiter/system/Model.php(744): CodeIgniter\BaseModel->insert()
#7 /var/www/html/UsersCrud/CodeIgnaiter/app/Services/UserService.php(45): CodeIgniter\Model->insert()
#8 /var/www/html/UsersCrud/CodeIgnaiter/app/Controllers/Login.php(40): App\Services\UserService->LoginAgregar()
#9 /var/www/html/UsersCrud/CodeIgnaiter/system/CodeIgniter.php(941): App\Controllers\Login->login()
#10 /var/www/html/UsersCrud/CodeIgnaiter/system/CodeIgniter.php(502): CodeIgniter\CodeIgniter->runController()
#11 /var/www/html/UsersCrud/CodeIgnaiter/system/CodeIgniter.php(361): CodeIgniter\CodeIgniter->handleRequest()
#12 /var/www/html/UsersCrud/CodeIgnaiter/public/index.php(83): CodeIgniter\CodeIgniter->run()
#13 {main}
CRITICAL - 2024-02-29 13:23:25 --> CodeIgniter\Database\Exceptions\DatabaseException: Unknown column 'created_at' in 'field list'
in SYSTEMPATH/Database/BaseConnection.php on line 647.
 1 SYSTEMPATH/Database/BaseBuilder.php(2307): CodeIgniter\Database\BaseConnection->query()
 2 SYSTEMPATH/Model.php(326): CodeIgniter\Database\BaseBuilder->insert()
 3 SYSTEMPATH/BaseModel.php(802): CodeIgniter\Model->doInsert()
 4 SYSTEMPATH/Model.php(744): CodeIgniter\BaseModel->insert()
 5 APPPATH/Services/UserService.php(45): CodeIgniter\Model->insert()
 6 APPPATH/Controllers/Login.php(40): App\Services\UserService->LoginAgregar()
 7 SYSTEMPATH/CodeIgniter.php(941): App\Controllers\Login->login()
 8 SYSTEMPATH/CodeIgniter.php(502): CodeIgniter\CodeIgniter->runController()
 9 SYSTEMPATH/CodeIgniter.php(361): CodeIgniter\CodeIgniter->handleRequest()
10 FCPATH/index.php(83): CodeIgniter\CodeIgniter->run()
CRITICAL - 2024-02-29 13:23:25 --> [Caused by] CodeIgniter\Database\Exceptions\DatabaseException: Unknown column 'created_at' in 'field list'
in SYSTEMPATH/Database/MySQLi/Connection.php on line 311.
 1 SYSTEMPATH/Database/BaseConnection.php(693): CodeIgniter\Database\MySQLi\Connection->execute()
 2 SYSTEMPATH/Database/BaseConnection.php(607): CodeIgniter\Database\BaseConnection->simpleQuery()
 3 SYSTEMPATH/Database/BaseBuilder.php(2307): CodeIgniter\Database\BaseConnection->query()
 4 SYSTEMPATH/Model.php(326): CodeIgniter\Database\BaseBuilder->insert()
 5 SYSTEMPATH/BaseModel.php(802): CodeIgniter\Model->doInsert()
 6 SYSTEMPATH/Model.php(744): CodeIgniter\BaseModel->insert()
 7 APPPATH/Services/UserService.php(45): CodeIgniter\Model->insert()
 8 APPPATH/Controllers/Login.php(40): App\Services\UserService->LoginAgregar()
 9 SYSTEMPATH/CodeIgniter.php(941): App\Controllers\Login->login()
10 SYSTEMPATH/CodeIgniter.php(502): CodeIgniter\CodeIgniter->runController()
11 SYSTEMPATH/CodeIgniter.php(361): CodeIgniter\CodeIgniter->handleRequest()
12 FCPATH/index.php(83): CodeIgniter\CodeIgniter->run()
CRITICAL - 2024-02-29 13:23:25 --> [Caused by] mysqli_sql_exception: Unknown column 'created_at' in 'field list'
in SYSTEMPATH/Database/MySQLi/Connection.php on line 306.
 1 SYSTEMPATH/Database/MySQLi/Connection.php(306): mysqli->query()
 2 SYSTEMPATH/Database/BaseConnection.php(693): CodeIgniter\Database\MySQLi\Connection->execute()
 3 SYSTEMPATH/Database/BaseConnection.php(607): CodeIgniter\Database\BaseConnection->simpleQuery()
 4 SYSTEMPATH/Database/BaseBuilder.php(2307): CodeIgniter\Database\BaseConnection->query()
 5 SYSTEMPATH/Model.php(326): CodeIgniter\Database\BaseBuilder->insert()
 6 SYSTEMPATH/BaseModel.php(802): CodeIgniter\Model->doInsert()
 7 SYSTEMPATH/Model.php(744): CodeIgniter\BaseModel->insert()
 8 APPPATH/Services/UserService.php(45): CodeIgniter\Model->insert()
 9 APPPATH/Controllers/Login.php(40): App\Services\UserService->LoginAgregar()
10 SYSTEMPATH/CodeIgniter.php(941): App\Controllers\Login->login()
11 SYSTEMPATH/CodeIgniter.php(502): CodeIgniter\CodeIgniter->runController()
12 SYSTEMPATH/CodeIgniter.php(361): CodeIgniter\CodeIgniter->handleRequest()
13 FCPATH/index.php(83): CodeIgniter\CodeIgniter->run()
ERROR - 2024-02-29 13:23:54 --> mysqli_sql_exception: Unknown column 'created_at' in 'field list' in /var/www/html/UsersCrud/CodeIgnaiter/system/Database/MySQLi/Connection.php:306
Stack trace:
#0 /var/www/html/UsersCrud/CodeIgnaiter/system/Database/MySQLi/Connection.php(306): mysqli->query()
#1 /var/www/html/UsersCrud/CodeIgnaiter/system/Database/BaseConnection.php(693): CodeIgniter\Database\MySQLi\Connection->execute()
#2 /var/www/html/UsersCrud/CodeIgnaiter/system/Database/BaseConnection.php(607): CodeIgniter\Database\BaseConnection->simpleQuery()
#3 /var/www/html/UsersCrud/CodeIgnaiter/system/Database/BaseBuilder.php(2307): CodeIgniter\Database\BaseConnection->query()
#4 /var/www/html/UsersCrud/CodeIgnaiter/system/Model.php(326): CodeIgniter\Database\BaseBuilder->insert()
#5 /var/www/html/UsersCrud/CodeIgnaiter/system/BaseModel.php(802): CodeIgniter\Model->doInsert()
#6 /var/www/html/UsersCrud/CodeIgnaiter/system/Model.php(744): CodeIgniter\BaseModel->insert()
#7 /var/www/html/UsersCrud/CodeIgnaiter/app/Services/UserService.php(45): CodeIgniter\Model->insert()
#8 /var/www/html/UsersCrud/CodeIgnaiter/app/Controllers/Login.php(40): App\Services\UserService->LoginAgregar()
#9 /var/www/html/UsersCrud/CodeIgnaiter/system/CodeIgniter.php(941): App\Controllers\Login->login()
#10 /var/www/html/UsersCrud/CodeIgnaiter/system/CodeIgniter.php(502): CodeIgniter\CodeIgniter->runController()
#11 /var/www/html/UsersCrud/CodeIgnaiter/system/CodeIgniter.php(361): CodeIgniter\CodeIgniter->handleRequest()
#12 /var/www/html/UsersCrud/CodeIgnaiter/public/index.php(83): CodeIgniter\CodeIgniter->run()
#13 {main}
CRITICAL - 2024-02-29 13:23:54 --> CodeIgniter\Database\Exceptions\DatabaseException: Unknown column 'created_at' in 'field list'
in SYSTEMPATH/Database/BaseConnection.php on line 647.
 1 SYSTEMPATH/Database/BaseBuilder.php(2307): CodeIgniter\Database\BaseConnection->query()
 2 SYSTEMPATH/Model.php(326): CodeIgniter\Database\BaseBuilder->insert()
 3 SYSTEMPATH/BaseModel.php(802): CodeIgniter\Model->doInsert()
 4 SYSTEMPATH/Model.php(744): CodeIgniter\BaseModel->insert()
 5 APPPATH/Services/UserService.php(45): CodeIgniter\Model->insert()
 6 APPPATH/Controllers/Login.php(40): App\Services\UserService->LoginAgregar()
 7 SYSTEMPATH/CodeIgniter.php(941): App\Controllers\Login->login()
 8 SYSTEMPATH/CodeIgniter.php(502): CodeIgniter\CodeIgniter->runController()
 9 SYSTEMPATH/CodeIgniter.php(361): CodeIgniter\CodeIgniter->handleRequest()
10 FCPATH/index.php(83): CodeIgniter\CodeIgniter->run()
CRITICAL - 2024-02-29 13:23:54 --> [Caused by] CodeIgniter\Database\Exceptions\DatabaseException: Unknown column 'created_at' in 'field list'
in SYSTEMPATH/Database/MySQLi/Connection.php on line 311.
 1 SYSTEMPATH/Database/BaseConnection.php(693): CodeIgniter\Database\MySQLi\Connection->execute()
 2 SYSTEMPATH/Database/BaseConnection.php(607): CodeIgniter\Database\BaseConnection->simpleQuery()
 3 SYSTEMPATH/Database/BaseBuilder.php(2307): CodeIgniter\Database\BaseConnection->query()
 4 SYSTEMPATH/Model.php(326): CodeIgniter\Database\BaseBuilder->insert()
 5 SYSTEMPATH/BaseModel.php(802): CodeIgniter\Model->doInsert()
 6 SYSTEMPATH/Model.php(744): CodeIgniter\BaseModel->insert()
 7 APPPATH/Services/UserService.php(45): CodeIgniter\Model->insert()
 8 APPPATH/Controllers/Login.php(40): App\Services\UserService->LoginAgregar()
 9 SYSTEMPATH/CodeIgniter.php(941): App\Controllers\Login->login()
10 SYSTEMPATH/CodeIgniter.php(502): CodeIgniter\CodeIgniter->runController()
11 SYSTEMPATH/CodeIgniter.php(361): CodeIgniter\CodeIgniter->handleRequest()
12 FCPATH/index.php(83): CodeIgniter\CodeIgniter->run()
CRITICAL - 2024-02-29 13:23:54 --> [Caused by] mysqli_sql_exception: Unknown column 'created_at' in 'field list'
in SYSTEMPATH/Database/MySQLi/Connection.php on line 306.
 1 SYSTEMPATH/Database/MySQLi/Connection.php(306): mysqli->query()
 2 SYSTEMPATH/Database/BaseConnection.php(693): CodeIgniter\Database\MySQLi\Connection->execute()
 3 SYSTEMPATH/Database/BaseConnection.php(607): CodeIgniter\Database\BaseConnection->simpleQuery()
 4 SYSTEMPATH/Database/BaseBuilder.php(2307): CodeIgniter\Database\BaseConnection->query()
 5 SYSTEMPATH/Model.php(326): CodeIgniter\Database\BaseBuilder->insert()
 6 SYSTEMPATH/BaseModel.php(802): CodeIgniter\Model->doInsert()
 7 SYSTEMPATH/Model.php(744): CodeIgniter\BaseModel->insert()
 8 APPPATH/Services/UserService.php(45): CodeIgniter\Model->insert()
 9 APPPATH/Controllers/Login.php(40): App\Services\UserService->LoginAgregar()
10 SYSTEMPATH/CodeIgniter.php(941): App\Controllers\Login->login()
11 SYSTEMPATH/CodeIgniter.php(502): CodeIgniter\CodeIgniter->runController()
12 SYSTEMPATH/CodeIgniter.php(361): CodeIgniter\CodeIgniter->handleRequest()
13 FCPATH/index.php(83): CodeIgniter\CodeIgniter->run()
INFO - 2024-02-29 14:13:20 --> Session: Class initialized using 'CodeIgniter\Session\Handlers\FileHandler' driver.
INFO - 2024-02-29 14:13:21 --> Session: Class initialized using 'CodeIgniter\Session\Handlers\FileHandler' driver.
INFO - 2024-02-29 14:14:38 --> Session: Class initialized using 'CodeIgniter\Session\Handlers\FileHandler' driver.
INFO - 2024-02-29 14:46:13 --> Session: Class initialized using 'CodeIgniter\Session\Handlers\FileHandler' driver.
INFO - 2024-02-29 14:47:43 --> Session: Class initialized using 'CodeIgniter\Session\Handlers\FileHandler' driver.
INFO - 2024-02-29 15:03:40 --> Session: Class initialized using 'CodeIgniter\Session\Handlers\FileHandler' driver.
CRITICAL - 2024-02-29 15:05:37 --> ErrorException: Undefined variable: usuario
in APPPATH/Views/login.php on line 41.
 1 APPPATH/Views/login.php(41): CodeIgniter\Debug\Exceptions->errorHandler()
 2 SYSTEMPATH/View/View.php(228): include('/var/www/html/UsersCrud/CodeIgnaiter/app/Views/login.php')
 3 SYSTEMPATH/View/View.php(231): CodeIgniter\View\View->CodeIgniter\View\{closure}()
 4 SYSTEMPATH/Common.php(1178): CodeIgniter\View\View->render()
 5 APPPATH/Controllers/Login.php(18): view()
 6 SYSTEMPATH/CodeIgniter.php(941): App\Controllers\Login->index()
 7 SYSTEMPATH/CodeIgniter.php(502): CodeIgniter\CodeIgniter->runController()
 8 SYSTEMPATH/CodeIgniter.php(361): CodeIgniter\CodeIgniter->handleRequest()
 9 FCPATH/index.php(83): CodeIgniter\CodeIgniter->run()
INFO - 2024-02-29 15:06:37 --> Session: Class initialized using 'CodeIgniter\Session\Handlers\FileHandler' driver.
INFO - 2024-02-29 15:07:41 --> Session: Class initialized using 'CodeIgniter\Session\Handlers\FileHandler' driver.
INFO - 2024-02-29 15:07:44 --> Session: Class initialized using 'CodeIgniter\Session\Handlers\FileHandler' driver.
INFO - 2024-02-29 15:13:11 --> Session: Class initialized using 'CodeIgniter\Session\Handlers\FileHandler' driver.
INFO - 2024-02-29 15:24:44 --> Session: Class initialized using 'CodeIgniter\Session\Handlers\FileHandler' driver.
INFO - 2024-02-29 15:25:11 --> Session: Class initialized using 'CodeIgniter\Session\Handlers\FileHandler' driver.
INFO - 2024-02-29 15:26:04 --> Session: Class initialized using 'CodeIgniter\Session\Handlers\FileHandler' driver.
INFO - 2024-02-29 15:26:30 --> Session: Class initialized using 'CodeIgniter\Session\Handlers\FileHandler' driver.
INFO - 2024-02-29 15:34:20 --> Session: Class initialized using 'CodeIgniter\Session\Handlers\FileHandler' driver.
INFO - 2024-02-29 15:34:27 --> Session: Class initialized using 'CodeIgniter\Session\Handlers\FileHandler' driver.
INFO - 2024-02-29 15:44:44 --> Session: Class initialized using 'CodeIgniter\Session\Handlers\FileHandler' driver.
INFO - 2024-02-29 15:44:44 --> Session: Class initialized using 'CodeIgniter\Session\Handlers\FileHandler' driver.
INFO - 2024-02-29 15:44:45 --> Session: Class initialized using 'CodeIgniter\Session\Handlers\FileHandler' driver.
INFO - 2024-02-29 15:45:38 --> Session: Class initialized using 'CodeIgniter\Session\Handlers\FileHandler' driver.
INFO - 2024-02-29 15:47:56 --> Session: Class initialized using 'CodeIgniter\Session\Handlers\FileHandler' driver.
INFO - 2024-02-29 15:49:28 --> Session: Class initialized using 'CodeIgniter\Session\Handlers\FileHandler' driver.
INFO - 2024-02-29 15:54:38 --> Session: Class initialized using 'CodeIgniter\Session\Handlers\FileHandler' driver.
INFO - 2024-02-29 15:54:38 --> Session: Class initialized using 'CodeIgniter\Session\Handlers\FileHandler' driver.
INFO - 2024-02-29 15:55:59 --> Session: Class initialized using 'CodeIgniter\Session\Handlers\FileHandler' driver.
INFO - 2024-02-29 15:57:57 --> Session: Class initialized using 'CodeIgniter\Session\Handlers\FileHandler' driver.
INFO - 2024-02-29 15:57:59 --> Session: Class initialized using 'CodeIgniter\Session\Handlers\FileHandler' driver.
INFO - 2024-02-29 15:58:22 --> Session: Class initialized using 'CodeIgniter\Session\Handlers\FileHandler' driver.
INFO - 2024-02-29 15:58:24 --> Session: Class initialized using 'CodeIgniter\Session\Handlers\FileHandler' driver.
INFO - 2024-02-29 15:58:24 --> Session: Class initialized using 'CodeIgniter\Session\Handlers\FileHandler' driver.
INFO - 2024-02-29 16:07:55 --> Session: Class initialized using 'CodeIgniter\Session\Handlers\FileHandler' driver.
ERROR - 2024-02-29 16:07:59 --> mysqli_sql_exception: Unknown column 'username' in 'field list' in /var/www/html/UsersCrud/CodeIgnaiter/system/Database/MySQLi/Connection.php:306
Stack trace:
#0 /var/www/html/UsersCrud/CodeIgnaiter/system/Database/MySQLi/Connection.php(306): mysqli->query()
#1 /var/www/html/UsersCrud/CodeIgnaiter/system/Database/BaseConnection.php(693): CodeIgniter\Database\MySQLi\Connection->execute()
#2 /var/www/html/UsersCrud/CodeIgnaiter/system/Database/BaseConnection.php(607): CodeIgniter\Database\BaseConnection->simpleQuery()
#3 /var/www/html/UsersCrud/CodeIgnaiter/system/Database/BaseBuilder.php(1616): CodeIgniter\Database\BaseConnection->query()
#4 /var/www/html/UsersCrud/CodeIgnaiter/system/Model.php(270): CodeIgniter\Database\BaseBuilder->get()
#5 /var/www/html/UsersCrud/CodeIgnaiter/system/BaseModel.php(676): CodeIgniter\Model->doFirst()
#6 /var/www/html/UsersCrud/CodeIgnaiter/app/Services/UserService.php(50): CodeIgniter\BaseModel->first()
#7 /var/www/html/UsersCrud/CodeIgnaiter/app/Controllers/Login.php(64): App\Services\UserService->getUserByToken()
#8 /var/www/html/UsersCrud/CodeIgnaiter/system/CodeIgniter.php(941): App\Controllers\Login->validateToken()
#9 /var/www/html/UsersCrud/CodeIgnaiter/system/CodeIgniter.php(502): CodeIgniter\CodeIgniter->runController()
#10 /var/www/html/UsersCrud/CodeIgnaiter/system/CodeIgniter.php(361): CodeIgniter\CodeIgniter->handleRequest()
#11 /var/www/html/UsersCrud/CodeIgnaiter/public/index.php(83): CodeIgniter\CodeIgniter->run()
#12 {main}
CRITICAL - 2024-02-29 16:07:59 --> CodeIgniter\Database\Exceptions\DatabaseException: Unknown column 'username' in 'field list'
in SYSTEMPATH/Database/BaseConnection.php on line 647.
 1 SYSTEMPATH/Database/BaseBuilder.php(1616): CodeIgniter\Database\BaseConnection->query()
 2 SYSTEMPATH/Model.php(270): CodeIgniter\Database\BaseBuilder->get()
 3 SYSTEMPATH/BaseModel.php(676): CodeIgniter\Model->doFirst()
 4 APPPATH/Services/UserService.php(50): CodeIgniter\BaseModel->first()
 5 APPPATH/Controllers/Login.php(64): App\Services\UserService->getUserByToken()
 6 SYSTEMPATH/CodeIgniter.php(941): App\Controllers\Login->validateToken()
 7 SYSTEMPATH/CodeIgniter.php(502): CodeIgniter\CodeIgniter->runController()
 8 SYSTEMPATH/CodeIgniter.php(361): CodeIgniter\CodeIgniter->handleRequest()
 9 FCPATH/index.php(83): CodeIgniter\CodeIgniter->run()
CRITICAL - 2024-02-29 16:07:59 --> [Caused by] CodeIgniter\Database\Exceptions\DatabaseException: Unknown column 'username' in 'field list'
in SYSTEMPATH/Database/MySQLi/Connection.php on line 311.
 1 SYSTEMPATH/Database/BaseConnection.php(693): CodeIgniter\Database\MySQLi\Connection->execute()
 2 SYSTEMPATH/Database/BaseConnection.php(607): CodeIgniter\Database\BaseConnection->simpleQuery()
 3 SYSTEMPATH/Database/BaseBuilder.php(1616): CodeIgniter\Database\BaseConnection->query()
 4 SYSTEMPATH/Model.php(270): CodeIgniter\Database\BaseBuilder->get()
 5 SYSTEMPATH/BaseModel.php(676): CodeIgniter\Model->doFirst()
 6 APPPATH/Services/UserService.php(50): CodeIgniter\BaseModel->first()
 7 APPPATH/Controllers/Login.php(64): App\Services\UserService->getUserByToken()
 8 SYSTEMPATH/CodeIgniter.php(941): App\Controllers\Login->validateToken()
 9 SYSTEMPATH/CodeIgniter.php(502): CodeIgniter\CodeIgniter->runController()
10 SYSTEMPATH/CodeIgniter.php(361): CodeIgniter\CodeIgniter->handleRequest()
11 FCPATH/index.php(83): CodeIgniter\CodeIgniter->run()
CRITICAL - 2024-02-29 16:07:59 --> [Caused by] mysqli_sql_exception: Unknown column 'username' in 'field list'
in SYSTEMPATH/Database/MySQLi/Connection.php on line 306.
 1 SYSTEMPATH/Database/MySQLi/Connection.php(306): mysqli->query()
 2 SYSTEMPATH/Database/BaseConnection.php(693): CodeIgniter\Database\MySQLi\Connection->execute()
 3 SYSTEMPATH/Database/BaseConnection.php(607): CodeIgniter\Database\BaseConnection->simpleQuery()
 4 SYSTEMPATH/Database/BaseBuilder.php(1616): CodeIgniter\Database\BaseConnection->query()
 5 SYSTEMPATH/Model.php(270): CodeIgniter\Database\BaseBuilder->get()
 6 SYSTEMPATH/BaseModel.php(676): CodeIgniter\Model->doFirst()
 7 APPPATH/Services/UserService.php(50): CodeIgniter\BaseModel->first()
 8 APPPATH/Controllers/Login.php(64): App\Services\UserService->getUserByToken()
 9 SYSTEMPATH/CodeIgniter.php(941): App\Controllers\Login->validateToken()
10 SYSTEMPATH/CodeIgniter.php(502): CodeIgniter\CodeIgniter->runController()
11 SYSTEMPATH/CodeIgniter.php(361): CodeIgniter\CodeIgniter->handleRequest()
12 FCPATH/index.php(83): CodeIgniter\CodeIgniter->run()
INFO - 2024-02-29 16:09:54 --> Session: Class initialized using 'CodeIgniter\Session\Handlers\FileHandler' driver.
INFO - 2024-02-29 16:09:54 --> Session: Class initialized using 'CodeIgniter\Session\Handlers\FileHandler' driver.
INFO - 2024-02-29 16:09:54 --> Session: Class initialized using 'CodeIgniter\Session\Handlers\FileHandler' driver.
INFO - 2024-02-29 16:09:54 --> Session: Class initialized using 'CodeIgniter\Session\Handlers\FileHandler' driver.
INFO - 2024-02-29 16:09:54 --> Session: Class initialized using 'CodeIgniter\Session\Handlers\FileHandler' driver.
INFO - 2024-02-29 16:09:54 --> Session: Class initialized using 'CodeIgniter\Session\Handlers\FileHandler' driver.
INFO - 2024-02-29 16:19:04 --> Session: Class initialized using 'CodeIgniter\Session\Handlers\FileHandler' driver.
INFO - 2024-02-29 16:19:04 --> Session: Class initialized using 'CodeIgniter\Session\Handlers\FileHandler' driver.
INFO - 2024-02-29 16:23:45 --> Session: Class initialized using 'CodeIgniter\Session\Handlers\FileHandler' driver.
INFO - 2024-02-29 16:23:45 --> Session: Class initialized using 'CodeIgniter\Session\Handlers\FileHandler' driver.
INFO - 2024-02-29 16:23:45 --> Session: Class initialized using 'CodeIgniter\Session\Handlers\FileHandler' driver.
INFO - 2024-02-29 16:23:45 --> Session: Class initialized using 'CodeIgniter\Session\Handlers\FileHandler' driver.
INFO - 2024-02-29 16:23:46 --> Session: Class initialized using 'CodeIgniter\Session\Handlers\FileHandler' driver.
INFO - 2024-02-29 16:28:46 --> Session: Class initialized using 'CodeIgniter\Session\Handlers\FileHandler' driver.
INFO - 2024-02-29 16:29:35 --> Session: Class initialized using 'CodeIgniter\Session\Handlers\FileHandler' driver.
ERROR - 2024-02-29 16:29:39 --> mysqli_sql_exception: Unknown column 'username' in 'field list' in /var/www/html/UsersCrud/CodeIgnaiter/system/Database/MySQLi/Connection.php:306
Stack trace:
#0 /var/www/html/UsersCrud/CodeIgnaiter/system/Database/MySQLi/Connection.php(306): mysqli->query()
#1 /var/www/html/UsersCrud/CodeIgnaiter/system/Database/BaseConnection.php(693): CodeIgniter\Database\MySQLi\Connection->execute()
#2 /var/www/html/UsersCrud/CodeIgnaiter/system/Database/BaseConnection.php(607): CodeIgniter\Database\BaseConnection->simpleQuery()
#3 /var/www/html/UsersCrud/CodeIgnaiter/system/Database/BaseBuilder.php(1616): CodeIgniter\Database\BaseConnection->query()
#4 /var/www/html/UsersCrud/CodeIgnaiter/system/Model.php(270): CodeIgniter\Database\BaseBuilder->get()
#5 /var/www/html/UsersCrud/CodeIgnaiter/system/BaseModel.php(676): CodeIgniter\Model->doFirst()
#6 /var/www/html/UsersCrud/CodeIgnaiter/app/Services/UserService.php(50): CodeIgniter\BaseModel->first()
#7 /var/www/html/UsersCrud/CodeIgnaiter/app/Controllers/Login.php(64): App\Services\UserService->getUserByToken()
#8 /var/www/html/UsersCrud/CodeIgnaiter/system/CodeIgniter.php(941): App\Controllers\Login->validateToken()
#9 /var/www/html/UsersCrud/CodeIgnaiter/system/CodeIgniter.php(502): CodeIgniter\CodeIgniter->runController()
#10 /var/www/html/UsersCrud/CodeIgnaiter/system/CodeIgniter.php(361): CodeIgniter\CodeIgniter->handleRequest()
#11 /var/www/html/UsersCrud/CodeIgnaiter/public/index.php(83): CodeIgniter\CodeIgniter->run()
#12 {main}
CRITICAL - 2024-02-29 16:29:39 --> CodeIgniter\Database\Exceptions\DatabaseException: Unknown column 'username' in 'field list'
in SYSTEMPATH/Database/BaseConnection.php on line 647.
 1 SYSTEMPATH/Database/BaseBuilder.php(1616): CodeIgniter\Database\BaseConnection->query()
 2 SYSTEMPATH/Model.php(270): CodeIgniter\Database\BaseBuilder->get()
 3 SYSTEMPATH/BaseModel.php(676): CodeIgniter\Model->doFirst()
 4 APPPATH/Services/UserService.php(50): CodeIgniter\BaseModel->first()
 5 APPPATH/Controllers/Login.php(64): App\Services\UserService->getUserByToken()
 6 SYSTEMPATH/CodeIgniter.php(941): App\Controllers\Login->validateToken()
 7 SYSTEMPATH/CodeIgniter.php(502): CodeIgniter\CodeIgniter->runController()
 8 SYSTEMPATH/CodeIgniter.php(361): CodeIgniter\CodeIgniter->handleRequest()
 9 FCPATH/index.php(83): CodeIgniter\CodeIgniter->run()
CRITICAL - 2024-02-29 16:29:39 --> [Caused by] CodeIgniter\Database\Exceptions\DatabaseException: Unknown column 'username' in 'field list'
in SYSTEMPATH/Database/MySQLi/Connection.php on line 311.
 1 SYSTEMPATH/Database/BaseConnection.php(693): CodeIgniter\Database\MySQLi\Connection->execute()
 2 SYSTEMPATH/Database/BaseConnection.php(607): CodeIgniter\Database\BaseConnection->simpleQuery()
 3 SYSTEMPATH/Database/BaseBuilder.php(1616): CodeIgniter\Database\BaseConnection->query()
 4 SYSTEMPATH/Model.php(270): CodeIgniter\Database\BaseBuilder->get()
 5 SYSTEMPATH/BaseModel.php(676): CodeIgniter\Model->doFirst()
 6 APPPATH/Services/UserService.php(50): CodeIgniter\BaseModel->first()
 7 APPPATH/Controllers/Login.php(64): App\Services\UserService->getUserByToken()
 8 SYSTEMPATH/CodeIgniter.php(941): App\Controllers\Login->validateToken()
 9 SYSTEMPATH/CodeIgniter.php(502): CodeIgniter\CodeIgniter->runController()
10 SYSTEMPATH/CodeIgniter.php(361): CodeIgniter\CodeIgniter->handleRequest()
11 FCPATH/index.php(83): CodeIgniter\CodeIgniter->run()
CRITICAL - 2024-02-29 16:29:39 --> [Caused by] mysqli_sql_exception: Unknown column 'username' in 'field list'
in SYSTEMPATH/Database/MySQLi/Connection.php on line 306.
 1 SYSTEMPATH/Database/MySQLi/Connection.php(306): mysqli->query()
 2 SYSTEMPATH/Database/BaseConnection.php(693): CodeIgniter\Database\MySQLi\Connection->execute()
 3 SYSTEMPATH/Database/BaseConnection.php(607): CodeIgniter\Database\BaseConnection->simpleQuery()
 4 SYSTEMPATH/Database/BaseBuilder.php(1616): CodeIgniter\Database\BaseConnection->query()
 5 SYSTEMPATH/Model.php(270): CodeIgniter\Database\BaseBuilder->get()
 6 SYSTEMPATH/BaseModel.php(676): CodeIgniter\Model->doFirst()
 7 APPPATH/Services/UserService.php(50): CodeIgniter\BaseModel->first()
 8 APPPATH/Controllers/Login.php(64): App\Services\UserService->getUserByToken()
 9 SYSTEMPATH/CodeIgniter.php(941): App\Controllers\Login->validateToken()
10 SYSTEMPATH/CodeIgniter.php(502): CodeIgniter\CodeIgniter->runController()
11 SYSTEMPATH/CodeIgniter.php(361): CodeIgniter\CodeIgniter->handleRequest()
12 FCPATH/index.php(83): CodeIgniter\CodeIgniter->run()
INFO - 2024-02-29 16:30:07 --> Session: Class initialized using 'CodeIgniter\Session\Handlers\FileHandler' driver.
INFO - 2024-02-29 16:56:23 --> Session: Class initialized using 'CodeIgniter\Session\Handlers\FileHandler' driver.
INFO - 2024-02-29 16:56:59 --> Session: Class initialized using 'CodeIgniter\Session\Handlers\FileHandler' driver.
INFO - 2024-02-29 16:57:13 --> Session: Class initialized using 'CodeIgniter\Session\Handlers\FileHandler' driver.
INFO - 2024-02-29 16:57:36 --> Session: Class initialized using 'CodeIgniter\Session\Handlers\FileHandler' driver.
INFO - 2024-02-29 16:57:37 --> Session: Class initialized using 'CodeIgniter\Session\Handlers\FileHandler' driver.
INFO - 2024-02-29 16:57:37 --> Session: Class initialized using 'CodeIgniter\Session\Handlers\FileHandler' driver.
INFO - 2024-02-29 18:32:57 --> Session: Class initialized using 'CodeIgniter\Session\Handlers\FileHandler' driver.
INFO - 2024-02-29 18:32:58 --> Session: Class initialized using 'CodeIgniter\Session\Handlers\FileHandler' driver.
INFO - 2024-02-29 18:34:49 --> Session: Class initialized using 'CodeIgniter\Session\Handlers\FileHandler' driver.
INFO - 2024-02-29 18:34:49 --> Session: Class initialized using 'CodeIgniter\Session\Handlers\FileHandler' driver.
INFO - 2024-02-29 18:34:49 --> Session: Class initialized using 'CodeIgniter\Session\Handlers\FileHandler' driver.
INFO - 2024-02-29 18:35:13 --> Session: Class initialized using 'CodeIgniter\Session\Handlers\FileHandler' driver.
INFO - 2024-02-29 18:35:32 --> Session: Class initialized using 'CodeIgniter\Session\Handlers\FileHandler' driver.
INFO - 2024-02-29 18:38:40 --> Session: Class initialized using 'CodeIgniter\Session\Handlers\FileHandler' driver.
INFO - 2024-02-29 18:38:49 --> Session: Class initialized using 'CodeIgniter\Session\Handlers\FileHandler' driver.
INFO - 2024-02-29 18:39:23 --> Session: Class initialized using 'CodeIgniter\Session\Handlers\FileHandler' driver.
INFO - 2024-02-29 18:39:24 --> Session: Class initialized using 'CodeIgniter\Session\Handlers\FileHandler' driver.
INFO - 2024-02-29 18:39:24 --> Session: Class initialized using 'CodeIgniter\Session\Handlers\FileHandler' driver.
INFO - 2024-02-29 18:53:39 --> Session: Class initialized using 'CodeIgniter\Session\Handlers\FileHandler' driver.
INFO - 2024-02-29 18:53:39 --> Session: Class initialized using 'CodeIgniter\Session\Handlers\FileHandler' driver.
CRITICAL - 2024-02-29 19:09:23 --> ParseError: syntax error, unexpected 'class' (T_CLASS), expecting ';' or ','
in APPPATH/Controllers/Login.php on line 7.
 1 SYSTEMPATH/Autoloader/Autoloader.php(288): CodeIgniter\Autoloader\Autoloader->includeFile()
 2 SYSTEMPATH/Autoloader/Autoloader.php(266): CodeIgniter\Autoloader\Autoloader->loadInNamespace()
 3 [internal function]: CodeIgniter\Autoloader\Autoloader->loadClass()
 4 [internal function]: spl_autoload_call()
 5 SYSTEMPATH/CodeIgniter.php(899): class_exists()
 6 SYSTEMPATH/CodeIgniter.php(489): CodeIgniter\CodeIgniter->startController()
 7 SYSTEMPATH/CodeIgniter.php(361): CodeIgniter\CodeIgniter->handleRequest()
 8 FCPATH/index.php(83): CodeIgniter\CodeIgniter->run()
INFO - 2024-02-29 19:10:50 --> Session: Class initialized using 'CodeIgniter\Session\Handlers\FileHandler' driver.
INFO - 2024-02-29 19:12:26 --> Session: Class initialized using 'CodeIgniter\Session\Handlers\FileHandler' driver.
INFO - 2024-02-29 19:12:28 --> Session: Class initialized using 'CodeIgniter\Session\Handlers\FileHandler' driver.
INFO - 2024-02-29 19:13:18 --> Session: Class initialized using 'CodeIgniter\Session\Handlers\FileHandler' driver.
INFO - 2024-02-29 19:14:13 --> Session: Class initialized using 'CodeIgniter\Session\Handlers\FileHandler' driver.
INFO - 2024-02-29 19:23:43 --> Session: Class initialized using 'CodeIgniter\Session\Handlers\FileHandler' driver.
CRITICAL - 2024-02-29 19:23:46 --> Error: Call to a member function first() on null
in APPPATH/Controllers/Login.php on line 73.
 1 SYSTEMPATH/CodeIgniter.php(941): App\Controllers\Login->IniciarSesion()
 2 SYSTEMPATH/CodeIgniter.php(502): CodeIgniter\CodeIgniter->runController()
 3 SYSTEMPATH/CodeIgniter.php(361): CodeIgniter\CodeIgniter->handleRequest()
 4 FCPATH/index.php(83): CodeIgniter\CodeIgniter->run()
CRITICAL - 2024-02-29 19:23:50 --> Error: Call to a member function first() on null
in APPPATH/Controllers/Login.php on line 73.
 1 SYSTEMPATH/CodeIgniter.php(941): App\Controllers\Login->IniciarSesion()
 2 SYSTEMPATH/CodeIgniter.php(502): CodeIgniter\CodeIgniter->runController()
 3 SYSTEMPATH/CodeIgniter.php(361): CodeIgniter\CodeIgniter->handleRequest()
 4 FCPATH/index.php(83): CodeIgniter\CodeIgniter->run()
INFO - 2024-02-29 19:25:24 --> Session: Class initialized using 'CodeIgniter\Session\Handlers\FileHandler' driver.
CRITICAL - 2024-02-29 19:26:55 --> Error: Call to undefined function App\Controllers\pribt_()
in APPPATH/Controllers/Login.php on line 79.
 1 SYSTEMPATH/CodeIgniter.php(941): App\Controllers\Login->IniciarSesion()
 2 SYSTEMPATH/CodeIgniter.php(502): CodeIgniter\CodeIgniter->runController()
 3 SYSTEMPATH/CodeIgniter.php(361): CodeIgniter\CodeIgniter->handleRequest()
 4 FCPATH/index.php(83): CodeIgniter\CodeIgniter->run()
CRITICAL - 2024-02-29 19:27:00 --> Error: Call to undefined function App\Controllers\pribt_()
in APPPATH/Controllers/Login.php on line 79.
 1 SYSTEMPATH/CodeIgniter.php(941): App\Controllers\Login->IniciarSesion()
 2 SYSTEMPATH/CodeIgniter.php(502): CodeIgniter\CodeIgniter->runController()
 3 SYSTEMPATH/CodeIgniter.php(361): CodeIgniter\CodeIgniter->handleRequest()
 4 FCPATH/index.php(83): CodeIgniter\CodeIgniter->run()
CRITICAL - 2024-02-29 19:27:03 --> Error: Call to undefined function App\Controllers\pribt_()
in APPPATH/Controllers/Login.php on line 79.
 1 SYSTEMPATH/CodeIgniter.php(941): App\Controllers\Login->IniciarSesion()
 2 SYSTEMPATH/CodeIgniter.php(502): CodeIgniter\CodeIgniter->runController()
 3 SYSTEMPATH/CodeIgniter.php(361): CodeIgniter\CodeIgniter->handleRequest()
 4 FCPATH/index.php(83): CodeIgniter\CodeIgniter->run()
CRITICAL - 2024-02-29 19:27:09 --> Error: Call to undefined function App\Controllers\pribt_()
in APPPATH/Controllers/Login.php on line 79.
 1 SYSTEMPATH/CodeIgniter.php(941): App\Controllers\Login->IniciarSesion()
 2 SYSTEMPATH/CodeIgniter.php(502): CodeIgniter\CodeIgniter->runController()
 3 SYSTEMPATH/CodeIgniter.php(361): CodeIgniter\CodeIgniter->handleRequest()
 4 FCPATH/index.php(83): CodeIgniter\CodeIgniter->run()
INFO - 2024-02-29 19:30:20 --> Session: Class initialized using 'CodeIgniter\Session\Handlers\FileHandler' driver.
INFO - 2024-02-29 19:30:21 --> Session: Class initialized using 'CodeIgniter\Session\Handlers\FileHandler' driver.
INFO - 2024-02-29 19:30:21 --> Session: Class initialized using 'CodeIgniter\Session\Handlers\FileHandler' driver.
INFO - 2024-02-29 19:30:23 --> Session: Class initialized using 'CodeIgniter\Session\Handlers\FileHandler' driver.
INFO - 2024-02-29 19:30:34 --> Session: Class initialized using 'CodeIgniter\Session\Handlers\FileHandler' driver.
INFO - 2024-02-29 19:30:37 --> Session: Class initialized using 'CodeIgniter\Session\Handlers\FileHandler' driver.
INFO - 2024-02-29 19:30:37 --> Session: Class initialized using 'CodeIgniter\Session\Handlers\FileHandler' driver.
INFO - 2024-02-29 19:30:38 --> Session: Class initialized using 'CodeIgniter\Session\Handlers\FileHandler' driver.
INFO - 2024-02-29 19:30:38 --> Session: Class initialized using 'CodeIgniter\Session\Handlers\FileHandler' driver.
INFO - 2024-02-29 19:30:42 --> Session: Class initialized using 'CodeIgniter\Session\Handlers\FileHandler' driver.
INFO - 2024-02-29 19:31:58 --> Session: Class initialized using 'CodeIgniter\Session\Handlers\FileHandler' driver.
INFO - 2024-02-29 19:32:01 --> Session: Class initialized using 'CodeIgniter\Session\Handlers\FileHandler' driver.
INFO - 2024-02-29 19:32:11 --> Session: Class initialized using 'CodeIgniter\Session\Handlers\FileHandler' driver.
INFO - 2024-02-29 19:32:42 --> Session: Class initialized using 'CodeIgniter\Session\Handlers\FileHandler' driver.
ERROR - 2024-02-29 19:34:25 --> mysqli_sql_exception: Unknown column 'username' in 'where clause' in /var/www/html/UsersCrud/CodeIgnaiter/system/Database/MySQLi/Connection.php:306
Stack trace:
#0 /var/www/html/UsersCrud/CodeIgnaiter/system/Database/MySQLi/Connection.php(306): mysqli->query()
#1 /var/www/html/UsersCrud/CodeIgnaiter/system/Database/BaseConnection.php(693): CodeIgniter\Database\MySQLi\Connection->execute()
#2 /var/www/html/UsersCrud/CodeIgnaiter/system/Database/BaseConnection.php(607): CodeIgniter\Database\BaseConnection->simpleQuery()
#3 /var/www/html/UsersCrud/CodeIgnaiter/system/Database/BaseBuilder.php(1616): CodeIgniter\Database\BaseConnection->query()
#4 /var/www/html/UsersCrud/CodeIgnaiter/system/Model.php(270): CodeIgniter\Database\BaseBuilder->get()
#5 /var/www/html/UsersCrud/CodeIgnaiter/system/BaseModel.php(676): CodeIgniter\Model->doFirst()
#6 /var/www/html/UsersCrud/CodeIgnaiter/app/Controllers/Login.php(68): CodeIgniter\BaseModel->first()
#7 /var/www/html/UsersCrud/CodeIgnaiter/system/CodeIgniter.php(941): App\Controllers\Login->IniciarSesion()
#8 /var/www/html/UsersCrud/CodeIgnaiter/system/CodeIgniter.php(502): CodeIgniter\CodeIgniter->runController()
#9 /var/www/html/UsersCrud/CodeIgnaiter/system/CodeIgniter.php(361): CodeIgniter\CodeIgniter->handleRequest()
#10 /var/www/html/UsersCrud/CodeIgnaiter/public/index.php(83): CodeIgniter\CodeIgniter->run()
#11 {main}
CRITICAL - 2024-02-29 19:34:25 --> CodeIgniter\Database\Exceptions\DatabaseException: Unknown column 'username' in 'where clause'
in SYSTEMPATH/Database/BaseConnection.php on line 647.
 1 SYSTEMPATH/Database/BaseBuilder.php(1616): CodeIgniter\Database\BaseConnection->query()
 2 SYSTEMPATH/Model.php(270): CodeIgniter\Database\BaseBuilder->get()
 3 SYSTEMPATH/BaseModel.php(676): CodeIgniter\Model->doFirst()
 4 APPPATH/Controllers/Login.php(68): CodeIgniter\BaseModel->first()
 5 SYSTEMPATH/CodeIgniter.php(941): App\Controllers\Login->IniciarSesion()
 6 SYSTEMPATH/CodeIgniter.php(502): CodeIgniter\CodeIgniter->runController()
 7 SYSTEMPATH/CodeIgniter.php(361): CodeIgniter\CodeIgniter->handleRequest()
 8 FCPATH/index.php(83): CodeIgniter\CodeIgniter->run()
CRITICAL - 2024-02-29 19:34:25 --> [Caused by] CodeIgniter\Database\Exceptions\DatabaseException: Unknown column 'username' in 'where clause'
in SYSTEMPATH/Database/MySQLi/Connection.php on line 311.
 1 SYSTEMPATH/Database/BaseConnection.php(693): CodeIgniter\Database\MySQLi\Connection->execute()
 2 SYSTEMPATH/Database/BaseConnection.php(607): CodeIgniter\Database\BaseConnection->simpleQuery()
 3 SYSTEMPATH/Database/BaseBuilder.php(1616): CodeIgniter\Database\BaseConnection->query()
 4 SYSTEMPATH/Model.php(270): CodeIgniter\Database\BaseBuilder->get()
 5 SYSTEMPATH/BaseModel.php(676): CodeIgniter\Model->doFirst()
 6 APPPATH/Controllers/Login.php(68): CodeIgniter\BaseModel->first()
 7 SYSTEMPATH/CodeIgniter.php(941): App\Controllers\Login->IniciarSesion()
 8 SYSTEMPATH/CodeIgniter.php(502): CodeIgniter\CodeIgniter->runController()
 9 SYSTEMPATH/CodeIgniter.php(361): CodeIgniter\CodeIgniter->handleRequest()
10 FCPATH/index.php(83): CodeIgniter\CodeIgniter->run()
CRITICAL - 2024-02-29 19:34:25 --> [Caused by] mysqli_sql_exception: Unknown column 'username' in 'where clause'
in SYSTEMPATH/Database/MySQLi/Connection.php on line 306.
 1 SYSTEMPATH/Database/MySQLi/Connection.php(306): mysqli->query()
 2 SYSTEMPATH/Database/BaseConnection.php(693): CodeIgniter\Database\MySQLi\Connection->execute()
 3 SYSTEMPATH/Database/BaseConnection.php(607): CodeIgniter\Database\BaseConnection->simpleQuery()
 4 SYSTEMPATH/Database/BaseBuilder.php(1616): CodeIgniter\Database\BaseConnection->query()
 5 SYSTEMPATH/Model.php(270): CodeIgniter\Database\BaseBuilder->get()
 6 SYSTEMPATH/BaseModel.php(676): CodeIgniter\Model->doFirst()
 7 APPPATH/Controllers/Login.php(68): CodeIgniter\BaseModel->first()
 8 SYSTEMPATH/CodeIgniter.php(941): App\Controllers\Login->IniciarSesion()
 9 SYSTEMPATH/CodeIgniter.php(502): CodeIgniter\CodeIgniter->runController()
10 SYSTEMPATH/CodeIgniter.php(361): CodeIgniter\CodeIgniter->handleRequest()
11 FCPATH/index.php(83): CodeIgniter\CodeIgniter->run()
INFO - 2024-02-29 19:34:28 --> Session: Class initialized using 'CodeIgniter\Session\Handlers\FileHandler' driver.
INFO - 2024-02-29 19:35:12 --> Session: Class initialized using 'CodeIgniter\Session\Handlers\FileHandler' driver.
INFO - 2024-02-29 19:35:13 --> Session: Class initialized using 'CodeIgniter\Session\Handlers\FileHandler' driver.
INFO - 2024-02-29 19:35:13 --> Session: Class initialized using 'CodeIgniter\Session\Handlers\FileHandler' driver.
INFO - 2024-02-29 19:35:13 --> Session: Class initialized using 'CodeIgniter\Session\Handlers\FileHandler' driver.
INFO - 2024-02-29 19:35:13 --> Session: Class initialized using 'CodeIgniter\Session\Handlers\FileHandler' driver.
INFO - 2024-02-29 19:36:10 --> Session: Class initialized using 'CodeIgniter\Session\Handlers\FileHandler' driver.
INFO - 2024-02-29 19:36:10 --> Session: Class initialized using 'CodeIgniter\Session\Handlers\FileHandler' driver.
INFO - 2024-02-29 19:36:11 --> Session: Class initialized using 'CodeIgniter\Session\Handlers\FileHandler' driver.
INFO - 2024-02-29 19:36:11 --> Session: Class initialized using 'CodeIgniter\Session\Handlers\FileHandler' driver.
INFO - 2024-02-29 19:36:24 --> Session: Class initialized using 'CodeIgniter\Session\Handlers\FileHandler' driver.
INFO - 2024-02-29 19:36:25 --> Session: Class initialized using 'CodeIgniter\Session\Handlers\FileHandler' driver.
INFO - 2024-02-29 19:36:43 --> Session: Class initialized using 'CodeIgniter\Session\Handlers\FileHandler' driver.
INFO - 2024-02-29 19:38:38 --> Session: Class initialized using 'CodeIgniter\Session\Handlers\FileHandler' driver.
INFO - 2024-02-29 19:38:39 --> Session: Class initialized using 'CodeIgniter\Session\Handlers\FileHandler' driver.
INFO - 2024-02-29 19:38:39 --> Session: Class initialized using 'CodeIgniter\Session\Handlers\FileHandler' driver.
INFO - 2024-02-29 19:38:40 --> Session: Class initialized using 'CodeIgniter\Session\Handlers\FileHandler' driver.
INFO - 2024-02-29 19:38:42 --> Session: Class initialized using 'CodeIgniter\Session\Handlers\FileHandler' driver.
INFO - 2024-02-29 19:38:43 --> Session: Class initialized using 'CodeIgniter\Session\Handlers\FileHandler' driver.
INFO - 2024-02-29 19:38:47 --> Session: Class initialized using 'CodeIgniter\Session\Handlers\FileHandler' driver.
INFO - 2024-02-29 19:38:49 --> Session: Class initialized using 'CodeIgniter\Session\Handlers\FileHandler' driver.
INFO - 2024-02-29 19:40:58 --> Session: Class initialized using 'CodeIgniter\Session\Handlers\FileHandler' driver.
INFO - 2024-02-29 19:40:58 --> Session: Class initialized using 'CodeIgniter\Session\Handlers\FileHandler' driver.
INFO - 2024-02-29 19:41:00 --> Session: Class initialized using 'CodeIgniter\Session\Handlers\FileHandler' driver.
INFO - 2024-02-29 19:41:01 --> Session: Class initialized using 'CodeIgniter\Session\Handlers\FileHandler' driver.
INFO - 2024-02-29 19:41:06 --> Session: Class initialized using 'CodeIgniter\Session\Handlers\FileHandler' driver.
INFO - 2024-02-29 19:41:08 --> Session: Class initialized using 'CodeIgniter\Session\Handlers\FileHandler' driver.
INFO - 2024-02-29 19:42:59 --> Session: Class initialized using 'CodeIgniter\Session\Handlers\FileHandler' driver.
INFO - 2024-02-29 19:43:05 --> Session: Class initialized using 'CodeIgniter\Session\Handlers\FileHandler' driver.
INFO - 2024-02-29 19:43:09 --> Session: Class initialized using 'CodeIgniter\Session\Handlers\FileHandler' driver.
INFO - 2024-02-29 19:43:33 --> Session: Class initialized using 'CodeIgniter\Session\Handlers\FileHandler' driver.
INFO - 2024-02-29 19:43:37 --> Session: Class initialized using 'CodeIgniter\Session\Handlers\FileHandler' driver.
INFO - 2024-02-29 19:43:45 --> Session: Class initialized using 'CodeIgniter\Session\Handlers\FileHandler' driver.
INFO - 2024-02-29 19:43:45 --> Session: Class initialized using 'CodeIgniter\Session\Handlers\FileHandler' driver.
INFO - 2024-02-29 19:43:45 --> Session: Class initialized using 'CodeIgniter\Session\Handlers\FileHandler' driver.
CRITICAL - 2024-02-29 19:45:00 --> ErrorException: Trying to get property 'id' of non-object
in APPPATH/Controllers/Login.php on line 70.
 1 APPPATH/Controllers/Login.php(70): CodeIgniter\Debug\Exceptions->errorHandler()
 2 SYSTEMPATH/CodeIgniter.php(941): App\Controllers\Login->IniciarSesion()
 3 SYSTEMPATH/CodeIgniter.php(502): CodeIgniter\CodeIgniter->runController()
 4 SYSTEMPATH/CodeIgniter.php(361): CodeIgniter\CodeIgniter->handleRequest()
 5 FCPATH/index.php(83): CodeIgniter\CodeIgniter->run()
INFO - 2024-02-29 19:45:05 --> Session: Class initialized using 'CodeIgniter\Session\Handlers\FileHandler' driver.
INFO - 2024-02-29 19:54:13 --> Session: Class initialized using 'CodeIgniter\Session\Handlers\FileHandler' driver.
INFO - 2024-02-29 19:54:13 --> Session: Class initialized using 'CodeIgniter\Session\Handlers\FileHandler' driver.
INFO - 2024-02-29 19:54:16 --> Session: Class initialized using 'CodeIgniter\Session\Handlers\FileHandler' driver.
CRITICAL - 2024-02-29 19:54:16 --> ErrorException: Trying to get property 'id' of non-object
in APPPATH/Controllers/Login.php on line 70.
 1 APPPATH/Controllers/Login.php(70): CodeIgniter\Debug\Exceptions->errorHandler()
 2 SYSTEMPATH/CodeIgniter.php(941): App\Controllers\Login->IniciarSesion()
 3 SYSTEMPATH/CodeIgniter.php(502): CodeIgniter\CodeIgniter->runController()
 4 SYSTEMPATH/CodeIgniter.php(361): CodeIgniter\CodeIgniter->handleRequest()
 5 FCPATH/index.php(83): CodeIgniter\CodeIgniter->run()
INFO - 2024-02-29 19:54:18 --> Session: Class initialized using 'CodeIgniter\Session\Handlers\FileHandler' driver.
INFO - 2024-02-29 19:54:18 --> Session: Class initialized using 'CodeIgniter\Session\Handlers\FileHandler' driver.
INFO - 2024-02-29 19:54:37 --> Session: Class initialized using 'CodeIgniter\Session\Handlers\FileHandler' driver.
CRITICAL - 2024-02-29 19:54:37 --> ErrorException: Trying to get property 'id' of non-object
in APPPATH/Controllers/Login.php on line 70.
 1 APPPATH/Controllers/Login.php(70): CodeIgniter\Debug\Exceptions->errorHandler()
 2 SYSTEMPATH/CodeIgniter.php(941): App\Controllers\Login->IniciarSesion()
 3 SYSTEMPATH/CodeIgniter.php(502): CodeIgniter\CodeIgniter->runController()
 4 SYSTEMPATH/CodeIgniter.php(361): CodeIgniter\CodeIgniter->handleRequest()
 5 FCPATH/index.php(83): CodeIgniter\CodeIgniter->run()
INFO - 2024-02-29 19:54:38 --> Session: Class initialized using 'CodeIgniter\Session\Handlers\FileHandler' driver.
INFO - 2024-02-29 19:54:38 --> Session: Class initialized using 'CodeIgniter\Session\Handlers\FileHandler' driver.
INFO - 2024-02-29 19:54:53 --> Session: Class initialized using 'CodeIgniter\Session\Handlers\FileHandler' driver.
INFO - 2024-02-29 19:54:53 --> Session: Class initialized using 'CodeIgniter\Session\Handlers\FileHandler' driver.
INFO - 2024-02-29 19:54:55 --> Session: Class initialized using 'CodeIgniter\Session\Handlers\FileHandler' driver.
INFO - 2024-02-29 19:54:55 --> Session: Class initialized using 'CodeIgniter\Session\Handlers\FileHandler' driver.
INFO - 2024-02-29 19:54:58 --> Session: Class initialized using 'CodeIgniter\Session\Handlers\FileHandler' driver.
INFO - 2024-02-29 19:54:58 --> Session: Class initialized using 'CodeIgniter\Session\Handlers\FileHandler' driver.
INFO - 2024-02-29 19:55:00 --> Session: Class initialized using 'CodeIgniter\Session\Handlers\FileHandler' driver.
INFO - 2024-02-29 19:55:00 --> Session: Class initialized using 'CodeIgniter\Session\Handlers\FileHandler' driver.
INFO - 2024-02-29 19:55:15 --> Session: Class initialized using 'CodeIgniter\Session\Handlers\FileHandler' driver.
INFO - 2024-02-29 19:55:15 --> Session: Class initialized using 'CodeIgniter\Session\Handlers\FileHandler' driver.
INFO - 2024-02-29 19:55:18 --> Session: Class initialized using 'CodeIgniter\Session\Handlers\FileHandler' driver.
INFO - 2024-02-29 19:55:18 --> Session: Class initialized using 'CodeIgniter\Session\Handlers\FileHandler' driver.
INFO - 2024-02-29 19:55:54 --> Session: Class initialized using 'CodeIgniter\Session\Handlers\FileHandler' driver.
CRITICAL - 2024-02-29 19:55:54 --> ErrorException: Trying to get property 'id' of non-object
in APPPATH/Controllers/Login.php on line 70.
 1 APPPATH/Controllers/Login.php(70): CodeIgniter\Debug\Exceptions->errorHandler()
 2 SYSTEMPATH/CodeIgniter.php(941): App\Controllers\Login->IniciarSesion()
 3 SYSTEMPATH/CodeIgniter.php(502): CodeIgniter\CodeIgniter->runController()
 4 SYSTEMPATH/CodeIgniter.php(361): CodeIgniter\CodeIgniter->handleRequest()
 5 FCPATH/index.php(83): CodeIgniter\CodeIgniter->run()
INFO - 2024-02-29 19:55:57 --> Session: Class initialized using 'CodeIgniter\Session\Handlers\FileHandler' driver.
INFO - 2024-02-29 19:55:57 --> Session: Class initialized using 'CodeIgniter\Session\Handlers\FileHandler' driver.
INFO - 2024-02-29 19:59:23 --> Session: Class initialized using 'CodeIgniter\Session\Handlers\FileHandler' driver.
INFO - 2024-02-29 19:59:23 --> Session: Class initialized using 'CodeIgniter\Session\Handlers\FileHandler' driver.
INFO - 2024-02-29 19:59:28 --> Session: Class initialized using 'CodeIgniter\Session\Handlers\FileHandler' driver.
INFO - 2024-02-29 19:59:28 --> Session: Class initialized using 'CodeIgniter\Session\Handlers\FileHandler' driver.
INFO - 2024-02-29 19:59:29 --> Session: Class initialized using 'CodeIgniter\Session\Handlers\FileHandler' driver.
INFO - 2024-02-29 19:59:29 --> Session: Class initialized using 'CodeIgniter\Session\Handlers\FileHandler' driver.
INFO - 2024-02-29 19:59:38 --> Session: Class initialized using 'CodeIgniter\Session\Handlers\FileHandler' driver.
INFO - 2024-02-29 19:59:38 --> Session: Class initialized using 'CodeIgniter\Session\Handlers\FileHandler' driver.
INFO - 2024-02-29 20:00:28 --> Session: Class initialized using 'CodeIgniter\Session\Handlers\FileHandler' driver.
INFO - 2024-02-29 20:00:28 --> Session: Class initialized using 'CodeIgniter\Session\Handlers\FileHandler' driver.
INFO - 2024-02-29 20:00:28 --> Session: Class initialized using 'CodeIgniter\Session\Handlers\FileHandler' driver.
INFO - 2024-02-29 20:00:28 --> Session: Class initialized using 'CodeIgniter\Session\Handlers\FileHandler' driver.
INFO - 2024-02-29 20:00:28 --> Session: Class initialized using 'CodeIgniter\Session\Handlers\FileHandler' driver.
INFO - 2024-02-29 20:00:29 --> Session: Class initialized using 'CodeIgniter\Session\Handlers\FileHandler' driver.
INFO - 2024-02-29 20:00:36 --> Session: Class initialized using 'CodeIgniter\Session\Handlers\FileHandler' driver.
INFO - 2024-02-29 20:00:36 --> Session: Class initialized using 'CodeIgniter\Session\Handlers\FileHandler' driver.
INFO - 2024-02-29 20:00:45 --> Session: Class initialized using 'CodeIgniter\Session\Handlers\FileHandler' driver.
INFO - 2024-02-29 20:00:45 --> Session: Class initialized using 'CodeIgniter\Session\Handlers\FileHandler' driver.
INFO - 2024-02-29 20:03:34 --> Session: Class initialized using 'CodeIgniter\Session\Handlers\FileHandler' driver.
INFO - 2024-02-29 20:03:34 --> Session: Class initialized using 'CodeIgniter\Session\Handlers\FileHandler' driver.
INFO - 2024-02-29 20:03:38 --> Session: Class initialized using 'CodeIgniter\Session\Handlers\FileHandler' driver.
INFO - 2024-02-29 20:03:38 --> Session: Class initialized using 'CodeIgniter\Session\Handlers\FileHandler' driver.
INFO - 2024-02-29 20:03:39 --> Session: Class initialized using 'CodeIgniter\Session\Handlers\FileHandler' driver.
INFO - 2024-02-29 20:03:40 --> Session: Class initialized using 'CodeIgniter\Session\Handlers\FileHandler' driver.
INFO - 2024-02-29 20:03:42 --> Session: Class initialized using 'CodeIgniter\Session\Handlers\FileHandler' driver.
INFO - 2024-02-29 20:03:42 --> Session: Class initialized using 'CodeIgniter\Session\Handlers\FileHandler' driver.
INFO - 2024-02-29 20:03:43 --> Session: Class initialized using 'CodeIgniter\Session\Handlers\FileHandler' driver.
INFO - 2024-02-29 20:03:43 --> Session: Class initialized using 'CodeIgniter\Session\Handlers\FileHandler' driver.
INFO - 2024-02-29 20:03:49 --> Session: Class initialized using 'CodeIgniter\Session\Handlers\FileHandler' driver.
INFO - 2024-02-29 20:03:49 --> Session: Class initialized using 'CodeIgniter\Session\Handlers\FileHandler' driver.
INFO - 2024-02-29 20:03:51 --> Session: Class initialized using 'CodeIgniter\Session\Handlers\FileHandler' driver.
INFO - 2024-02-29 20:03:52 --> Session: Class initialized using 'CodeIgniter\Session\Handlers\FileHandler' driver.
INFO - 2024-02-29 20:04:09 --> Session: Class initialized using 'CodeIgniter\Session\Handlers\FileHandler' driver.
INFO - 2024-02-29 20:04:20 --> Session: Class initialized using 'CodeIgniter\Session\Handlers\FileHandler' driver.
CRITICAL - 2024-02-29 20:04:20 --> ErrorException: Trying to get property 'password' of non-object
in APPPATH/Controllers/Login.php on line 71.
 1 APPPATH/Controllers/Login.php(71): CodeIgniter\Debug\Exceptions->errorHandler()
 2 SYSTEMPATH/CodeIgniter.php(941): App\Controllers\Login->IniciarSesion()
 3 SYSTEMPATH/CodeIgniter.php(502): CodeIgniter\CodeIgniter->runController()
 4 SYSTEMPATH/CodeIgniter.php(361): CodeIgniter\CodeIgniter->handleRequest()
 5 FCPATH/index.php(83): CodeIgniter\CodeIgniter->run()
INFO - 2024-02-29 20:04:35 --> Session: Class initialized using 'CodeIgniter\Session\Handlers\FileHandler' driver.
CRITICAL - 2024-02-29 20:04:35 --> ErrorException: Trying to get property 'password' of non-object
in APPPATH/Controllers/Login.php on line 71.
 1 APPPATH/Controllers/Login.php(71): CodeIgniter\Debug\Exceptions->errorHandler()
 2 SYSTEMPATH/CodeIgniter.php(941): App\Controllers\Login->IniciarSesion()
 3 SYSTEMPATH/CodeIgniter.php(502): CodeIgniter\CodeIgniter->runController()
 4 SYSTEMPATH/CodeIgniter.php(361): CodeIgniter\CodeIgniter->handleRequest()
 5 FCPATH/index.php(83): CodeIgniter\CodeIgniter->run()
INFO - 2024-02-29 20:04:39 --> Session: Class initialized using 'CodeIgniter\Session\Handlers\FileHandler' driver.
INFO - 2024-02-29 20:04:39 --> Session: Class initialized using 'CodeIgniter\Session\Handlers\FileHandler' driver.
INFO - 2024-02-29 20:04:40 --> Session: Class initialized using 'CodeIgniter\Session\Handlers\FileHandler' driver.
INFO - 2024-02-29 20:04:40 --> Session: Class initialized using 'CodeIgniter\Session\Handlers\FileHandler' driver.
INFO - 2024-02-29 20:04:40 --> Session: Class initialized using 'CodeIgniter\Session\Handlers\FileHandler' driver.
INFO - 2024-02-29 20:04:40 --> Session: Class initialized using 'CodeIgniter\Session\Handlers\FileHandler' driver.
INFO - 2024-02-29 20:04:40 --> Session: Class initialized using 'CodeIgniter\Session\Handlers\FileHandler' driver.
INFO - 2024-02-29 20:04:40 --> Session: Class initialized using 'CodeIgniter\Session\Handlers\FileHandler' driver.
INFO - 2024-02-29 20:04:40 --> Session: Class initialized using 'CodeIgniter\Session\Handlers\FileHandler' driver.
INFO - 2024-02-29 20:04:40 --> Session: Class initialized using 'CodeIgniter\Session\Handlers\FileHandler' driver.
INFO - 2024-02-29 20:04:46 --> Session: Class initialized using 'CodeIgniter\Session\Handlers\FileHandler' driver.
CRITICAL - 2024-02-29 20:04:46 --> ErrorException: Trying to get property 'password' of non-object
in APPPATH/Controllers/Login.php on line 71.
 1 APPPATH/Controllers/Login.php(71): CodeIgniter\Debug\Exceptions->errorHandler()
 2 SYSTEMPATH/CodeIgniter.php(941): App\Controllers\Login->IniciarSesion()
 3 SYSTEMPATH/CodeIgniter.php(502): CodeIgniter\CodeIgniter->runController()
 4 SYSTEMPATH/CodeIgniter.php(361): CodeIgniter\CodeIgniter->handleRequest()
 5 FCPATH/index.php(83): CodeIgniter\CodeIgniter->run()
INFO - 2024-02-29 20:05:28 --> Session: Class initialized using 'CodeIgniter\Session\Handlers\FileHandler' driver.
CRITICAL - 2024-02-29 20:05:28 --> ErrorException: Trying to get property 'password' of non-object
in APPPATH/Services/UserService.php on line 52.
 1 APPPATH/Services/UserService.php(52): CodeIgniter\Debug\Exceptions->errorHandler()
 2 APPPATH/Controllers/Login.php(69): App\Services\UserService->IniciarSesion()
 3 SYSTEMPATH/CodeIgniter.php(941): App\Controllers\Login->IniciarSesion()
 4 SYSTEMPATH/CodeIgniter.php(502): CodeIgniter\CodeIgniter->runController()
 5 SYSTEMPATH/CodeIgniter.php(361): CodeIgniter\CodeIgniter->handleRequest()
 6 FCPATH/index.php(83): CodeIgniter\CodeIgniter->run()
INFO - 2024-02-29 20:05:57 --> Session: Class initialized using 'CodeIgniter\Session\Handlers\FileHandler' driver.
INFO - 2024-02-29 20:05:57 --> Session: Class initialized using 'CodeIgniter\Session\Handlers\FileHandler' driver.
INFO - 2024-02-29 20:05:58 --> Session: Class initialized using 'CodeIgniter\Session\Handlers\FileHandler' driver.
INFO - 2024-02-29 20:05:59 --> Session: Class initialized using 'CodeIgniter\Session\Handlers\FileHandler' driver.
INFO - 2024-02-29 20:05:59 --> Session: Class initialized using 'CodeIgniter\Session\Handlers\FileHandler' driver.
INFO - 2024-02-29 20:05:59 --> Session: Class initialized using 'CodeIgniter\Session\Handlers\FileHandler' driver.
INFO - 2024-02-29 20:06:35 --> Session: Class initialized using 'CodeIgniter\Session\Handlers\FileHandler' driver.
INFO - 2024-02-29 20:06:36 --> Session: Class initialized using 'CodeIgniter\Session\Handlers\FileHandler' driver.
INFO - 2024-02-29 20:06:42 --> Session: Class initialized using 'CodeIgniter\Session\Handlers\FileHandler' driver.
INFO - 2024-02-29 20:06:42 --> Session: Class initialized using 'CodeIgniter\Session\Handlers\FileHandler' driver.
INFO - 2024-02-29 20:06:43 --> Session: Class initialized using 'CodeIgniter\Session\Handlers\FileHandler' driver.
INFO - 2024-02-29 20:06:44 --> Session: Class initialized using 'CodeIgniter\Session\Handlers\FileHandler' driver.
INFO - 2024-02-29 20:06:57 --> Session: Class initialized using 'CodeIgniter\Session\Handlers\FileHandler' driver.
INFO - 2024-02-29 20:06:57 --> Session: Class initialized using 'CodeIgniter\Session\Handlers\FileHandler' driver.
INFO - 2024-02-29 20:06:59 --> Session: Class initialized using 'CodeIgniter\Session\Handlers\FileHandler' driver.
INFO - 2024-02-29 20:06:59 --> Session: Class initialized using 'CodeIgniter\Session\Handlers\FileHandler' driver.
INFO - 2024-02-29 20:07:18 --> Session: Class initialized using 'CodeIgniter\Session\Handlers\FileHandler' driver.
INFO - 2024-02-29 20:07:18 --> Session: Class initialized using 'CodeIgniter\Session\Handlers\FileHandler' driver.
INFO - 2024-02-29 20:07:24 --> Session: Class initialized using 'CodeIgniter\Session\Handlers\FileHandler' driver.
INFO - 2024-02-29 20:07:24 --> Session: Class initialized using 'CodeIgniter\Session\Handlers\FileHandler' driver.
INFO - 2024-02-29 20:07:32 --> Session: Class initialized using 'CodeIgniter\Session\Handlers\FileHandler' driver.
INFO - 2024-02-29 20:07:32 --> Session: Class initialized using 'CodeIgniter\Session\Handlers\FileHandler' driver.
INFO - 2024-02-29 20:08:50 --> Session: Class initialized using 'CodeIgniter\Session\Handlers\FileHandler' driver.
INFO - 2024-02-29 20:08:50 --> Session: Class initialized using 'CodeIgniter\Session\Handlers\FileHandler' driver.
INFO - 2024-02-29 20:08:50 --> Session: Class initialized using 'CodeIgniter\Session\Handlers\FileHandler' driver.
INFO - 2024-02-29 20:08:50 --> Session: Class initialized using 'CodeIgniter\Session\Handlers\FileHandler' driver.
INFO - 2024-02-29 20:08:55 --> Session: Class initialized using 'CodeIgniter\Session\Handlers\FileHandler' driver.
INFO - 2024-02-29 20:08:55 --> Session: Class initialized using 'CodeIgniter\Session\Handlers\FileHandler' driver.
INFO - 2024-02-29 20:09:43 --> Session: Class initialized using 'CodeIgniter\Session\Handlers\FileHandler' driver.
INFO - 2024-02-29 20:09:43 --> Session: Class initialized using 'CodeIgniter\Session\Handlers\FileHandler' driver.
INFO - 2024-02-29 20:09:44 --> Session: Class initialized using 'CodeIgniter\Session\Handlers\FileHandler' driver.
INFO - 2024-02-29 20:09:45 --> Session: Class initialized using 'CodeIgniter\Session\Handlers\FileHandler' driver.
INFO - 2024-02-29 20:10:00 --> Session: Class initialized using 'CodeIgniter\Session\Handlers\FileHandler' driver.
INFO - 2024-02-29 20:16:56 --> Session: Class initialized using 'CodeIgniter\Session\Handlers\FileHandler' driver.
INFO - 2024-02-29 20:16:57 --> Session: Class initialized using 'CodeIgniter\Session\Handlers\FileHandler' driver.
INFO - 2024-02-29 20:17:02 --> Session: Class initialized using 'CodeIgniter\Session\Handlers\FileHandler' driver.
INFO - 2024-02-29 20:27:19 --> Session: Class initialized using 'CodeIgniter\Session\Handlers\FileHandler' driver.
INFO - 2024-02-29 20:27:20 --> Session: Class initialized using 'CodeIgniter\Session\Handlers\FileHandler' driver.
INFO - 2024-02-29 20:31:03 --> Session: Class initialized using 'CodeIgniter\Session\Handlers\FileHandler' driver.
INFO - 2024-02-29 20:31:03 --> Session: Class initialized using 'CodeIgniter\Session\Handlers\FileHandler' driver.
INFO - 2024-02-29 20:31:03 --> Session: Class initialized using 'CodeIgniter\Session\Handlers\FileHandler' driver.
INFO - 2024-02-29 20:31:04 --> Session: Class initialized using 'CodeIgniter\Session\Handlers\FileHandler' driver.
INFO - 2024-02-29 20:35:19 --> Session: Class initialized using 'CodeIgniter\Session\Handlers\FileHandler' driver.
INFO - 2024-02-29 20:39:13 --> Session: Class initialized using 'CodeIgniter\Session\Handlers\FileHandler' driver.
INFO - 2024-02-29 20:50:19 --> Session: Class initialized using 'CodeIgniter\Session\Handlers\FileHandler' driver.
INFO - 2024-02-29 20:51:10 --> Session: Class initialized using 'CodeIgniter\Session\Handlers\FileHandler' driver.
INFO - 2024-02-29 20:52:07 --> Session: Class initialized using 'CodeIgniter\Session\Handlers\FileHandler' driver.
INFO - 2024-02-29 20:52:30 --> Session: Class initialized using 'CodeIgniter\Session\Handlers\FileHandler' driver.
INFO - 2024-02-29 20:52:46 --> Session: Class initialized using 'CodeIgniter\Session\Handlers\FileHandler' driver.
INFO - 2024-02-29 20:53:00 --> Session: Class initialized using 'CodeIgniter\Session\Handlers\FileHandler' driver.
INFO - 2024-02-29 20:58:38 --> Session: Class initialized using 'CodeIgniter\Session\Handlers\FileHandler' driver.
INFO - 2024-02-29 20:58:38 --> Session: Class initialized using 'CodeIgniter\Session\Handlers\FileHandler' driver.
INFO - 2024-02-29 20:58:50 --> Session: Class initialized using 'CodeIgniter\Session\Handlers\FileHandler' driver.
